Using pre-set license
Built from '2020.2/release' branch; Version is '2020.2.2f1 (068178b99f32) revision 426360'; Using compiler version '192528614'; Build Type 'Release'
OS: 'Windows 10 Pro; OS build 19042.928; Version 2009; 64bit' Language: 'en' Physical Memory: 24502 MB
BatchMode: 1, IsHumanControllingUs: 0, StartBugReporterOnCrash: 0, Is64bit: 1, IsPro: 0

 COMMAND LINE ARGUMENTS:
C:\Program Files\Unity\Hub\Editor\2020.2.2f1\Editor\Unity.exe
-adb2
-batchMode
-noUpm
-name
AssetImportWorker0
-projectPath
E:/Programming/Active Projects/Joey Unity/Pokefish-Snap
-logFile
Logs/AssetImportWorker0.log
-srvPort
58558
Successfully changed project path to: E:/Programming/Active Projects/Joey Unity/Pokefish-Snap
E:/Programming/Active Projects/Joey Unity/Pokefish-Snap
Using Asset Import Pipeline V2.
Refreshing native plugins compatible for Editor in 38.73 ms, found 0 plugins.
Preloading 0 native plugins for Editor in 0.00 ms.
Initialize engine version: 2020.2.2f1 (068178b99f32)
[Subsystems] Discovering subsystems at path C:/Program Files/Unity/Hub/Editor/2020.2.2f1/Editor/Data/Resources/UnitySubsystems
[Subsystems] Discovering subsystems at path E:/Programming/Active Projects/Joey Unity/Pokefish-Snap/Assets
GfxDevice: creating device client; threaded=0
Direct3D:
    Version:  Direct3D 11.0 [level 11.1]
    Renderer: NVIDIA GeForce GTX 1080 (ID=0x1b80)
    Vendor:   
    VRAM:     8079 MB
    Driver:   27.21.14.5671
Shader 'Universal Render Pipeline/Particles/Lit': fallback shader 'Universal Render Pipeline/Particles/SimpleLit' not found
Initialize mono
Mono path[0] = 'C:/Program Files/Unity/Hub/Editor/2020.2.2f1/Editor/Data/Managed'
Mono path[1] = 'C:/Program Files/Unity/Hub/Editor/2020.2.2f1/Editor/Data/MonoBleedingEdge/lib/mono/unityjit'
Mono config path = 'C:/Program Files/Unity/Hub/Editor/2020.2.2f1/Editor/Data/MonoBleedingEdge/etc'
Using monoOptions --debugger-agent=transport=dt_socket,embedding=1,server=y,suspend=n,address=127.0.0.1:56692
Begin MonoManager ReloadAssembly
Registering precompiled unity dll's ...
Register platform support module: C:/Program Files/Unity/Hub/Editor/2020.2.2f1/Editor/Data/PlaybackEngines/WindowsStandaloneSupport/UnityEditor.WindowsStandalone.Extensions.dll
Registered in 0.001832 seconds.
Native extension for WindowsStandalone target not found
Refreshing native plugins compatible for Editor in 40.28 ms, found 0 plugins.
Preloading 0 native plugins for Editor in 0.00 ms.
Invoked RoslynAnalysisRunner static constructor.
RoslynAnalysisRunner will not be running.
RoslynAnalysisRunner has terminated.
Mono: successfully reloaded assembly
- Completed reload, in  1.029 seconds
Platform modules already initialized, skipping
Registering precompiled user dll's ...
Registered in 0.000824 seconds.
Begin MonoManager ReloadAssembly
Native extension for WindowsStandalone target not found
Refreshing native plugins compatible for Editor in 42.26 ms, found 0 plugins.
Preloading 0 native plugins for Editor in 0.00 ms.
Invoked RoslynAnalysisRunner static constructor.
RoslynAnalysisRunner will not be running.
RoslynAnalysisRunner has terminated.
Mono: successfully reloaded assembly
- Completed reload, in  0.880 seconds
Platform modules already initialized, skipping
========================================================================
Worker process is ready to serve import requests
Shader 'Universal Render Pipeline/Particles/Lit': fallback shader 'Universal Render Pipeline/Particles/SimpleLit' not found
Launched and connected shader compiler UnityShaderCompiler.exe after 0.05 seconds
Refreshing native plugins compatible for Editor in 0.46 ms, found 0 plugins.
Preloading 0 native plugins for Editor in 0.00 ms.
Unloading 2407 Unused Serialized files (Serialized files now loaded: 0)
System memory in use before: 113.4 MB.
System memory in use after: 113.6 MB.

Unloading 10 unused Assets to reduce memory usage. Loaded Objects now: 2854.
Total: 2.287700 ms (FindLiveObjects: 0.354200 ms CreateObjectMapping: 0.090100 ms MarkObjects: 1.774400 ms  DeleteObjects: 0.067500 ms)

========================================================================
Received Import Request.
  path: Assets/Materials/GroundBlocks.mat
  artifactKey: Guid(1bf608920549fef4eb2eaf7f4e6b4dfa) Importer(815301076,1909f56bfc062723c751e8b465ee728b)
Start importing Assets/Materials/GroundBlocks.mat using Guid(1bf608920549fef4eb2eaf7f4e6b4dfa) Importer(815301076,1909f56bfc062723c751e8b465ee728b)  -> (artifact id: '9ecfebfc80ad3e7af7eae3bba9b25587') in 0.215639 seconds
  Import took 0.244232 seconds .

========================================================================
Received Import Request.
  Time since last request: 0.000391 seconds.
  path: Assets/Photos/Photo_2021-05-03_19-42-34.png
  artifactKey: Guid(c9e01e63ffd04cf4799eac5d040a5e3c) Importer(815301076,1909f56bfc062723c751e8b465ee728b)
Start importing Assets/Photos/Photo_2021-05-03_19-42-34.png using Guid(c9e01e63ffd04cf4799eac5d040a5e3c) Importer(815301076,1909f56bfc062723c751e8b465ee728b)  -> (artifact id: 'b6bae855d69e16181b48fb4e052a1cdb') in 0.058188 seconds
  Import took 0.062120 seconds .

========================================================================
Received Import Request.
  Time since last request: 0.000202 seconds.
  path: Assets/Photos/Photo_2021-05-03_19-24-15.png
  artifactKey: Guid(d39ebad21da49174e81bc9b5c6a2c194) Importer(815301076,1909f56bfc062723c751e8b465ee728b)
Start importing Assets/Photos/Photo_2021-05-03_19-24-15.png using Guid(d39ebad21da49174e81bc9b5c6a2c194) Importer(815301076,1909f56bfc062723c751e8b465ee728b)  -> (artifact id: '64f660ebb909febffcb0491731a0abbb') in 0.060124 seconds
  Import took 0.073348 seconds .

========================================================================
Received Import Request.
  Time since last request: 0.000211 seconds.
  path: Assets/Photos/Photo_2021-05-03_19-29-19.png
  artifactKey: Guid(9e173c1259dfc9948a7c3cf24aac3269) Importer(815301076,1909f56bfc062723c751e8b465ee728b)
Start importing Assets/Photos/Photo_2021-05-03_19-29-19.png using Guid(9e173c1259dfc9948a7c3cf24aac3269) Importer(815301076,1909f56bfc062723c751e8b465ee728b)  -> (artifact id: 'ec48bdcbaef9afb88b9572abd819fcdc') in 0.055385 seconds
  Import took 0.059204 seconds .

========================================================================
Received Import Request.
  Time since last request: 0.000204 seconds.
  path: Assets/Photos/Photo_2021-05-03_19-24-20.png
  artifactKey: Guid(7f59df29051becd46a7cc6f43cf704ee) Importer(815301076,1909f56bfc062723c751e8b465ee728b)
Start importing Assets/Photos/Photo_2021-05-03_19-24-20.png using Guid(7f59df29051becd46a7cc6f43cf704ee) Importer(815301076,1909f56bfc062723c751e8b465ee728b)  -> (artifact id: '6d06b0bdca0be75e562d1a0cdbbcee86') in 0.034830 seconds
  Import took 0.038290 seconds .

========================================================================
Received Import Request.
  Time since last request: 0.000217 seconds.
  path: Assets/Photos/Photo_2021-05-03_18-20-00.png
  artifactKey: Guid(6fea8f08bd6260d4ab89e808c7dd967b) Importer(815301076,1909f56bfc062723c751e8b465ee728b)
Start importing Assets/Photos/Photo_2021-05-03_18-20-00.png using Guid(6fea8f08bd6260d4ab89e808c7dd967b) Importer(815301076,1909f56bfc062723c751e8b465ee728b)  -> (artifact id: '008b2c5a3df96b4e4e026f999d048ce5') in 0.029498 seconds
  Import took 0.050963 seconds .

========================================================================
Received Import Request.
  Time since last request: 0.000212 seconds.
  path: Assets/Photos/Photo_2021-05-04_00-08-34.png
  artifactKey: Guid(95801d3b95f2f9c4dbc684ca9664d4b1) Importer(815301076,1909f56bfc062723c751e8b465ee728b)
Start importing Assets/Photos/Photo_2021-05-04_00-08-34.png using Guid(95801d3b95f2f9c4dbc684ca9664d4b1) Importer(815301076,1909f56bfc062723c751e8b465ee728b)  -> (artifact id: 'e88b6153953834d899465c08224fa4b1') in 0.088471 seconds
  Import took 0.092986 seconds .

========================================================================
Received Import Request.
  Time since last request: 0.000212 seconds.
  path: Assets/Picture Camera/Picture Camera.prefab
  artifactKey: Guid(17182eb577a3ff34bb2104db9070069f) Importer(815301076,1909f56bfc062723c751e8b465ee728b)
Start importing Assets/Picture Camera/Picture Camera.prefab using Guid(17182eb577a3ff34bb2104db9070069f) Importer(815301076,1909f56bfc062723c751e8b465ee728b)  -> (artifact id: '6dcee7882a755850ac4c9fad95a9d8d4') in 0.018802 seconds
  Import took 0.022723 seconds .

========================================================================
Received Import Request.
  Time since last request: 0.000191 seconds.
  path: Assets/Photos/Photo_2021-05-07_12-59-51.png
  artifactKey: Guid(e2a84c2f544281444a681cfcf26aefbd) Importer(815301076,1909f56bfc062723c751e8b465ee728b)
Start importing Assets/Photos/Photo_2021-05-07_12-59-51.png using Guid(e2a84c2f544281444a681cfcf26aefbd) Importer(815301076,1909f56bfc062723c751e8b465ee728b)  -> (artifact id: '090faa5d7a06cfed4bd957f2edf20b5e') in 0.062447 seconds
  Import took 0.066129 seconds .

========================================================================
Received Import Request.
  Time since last request: 0.000238 seconds.
  path: Assets/Picture Camera/FilmRoll.png
  artifactKey: Guid(83f9dd7c20c81a74b94b56c49cb8bcdd) Importer(815301076,1909f56bfc062723c751e8b465ee728b)
Start importing Assets/Picture Camera/FilmRoll.png using Guid(83f9dd7c20c81a74b94b56c49cb8bcdd) Importer(815301076,1909f56bfc062723c751e8b465ee728b)  -> (artifact id: '7e0c094638cf977cac39bbee3aafc417') in 0.027698 seconds
  Import took 0.031455 seconds .

========================================================================
Received Import Request.
  Time since last request: 0.000234 seconds.
  path: Assets/Photos/Photo_2021-05-06_20-09-51.png
  artifactKey: Guid(87f0a61e82efc184fb088aab9a605264) Importer(815301076,1909f56bfc062723c751e8b465ee728b)
Start importing Assets/Photos/Photo_2021-05-06_20-09-51.png using Guid(87f0a61e82efc184fb088aab9a605264) Importer(815301076,1909f56bfc062723c751e8b465ee728b)  -> (artifact id: '2268d97500d2d29946aa679b59ce0adc') in 0.080646 seconds
  Import took 0.084435 seconds .

========================================================================
Received Import Request.
  Time since last request: 0.000220 seconds.
  path: Assets/Materials/Green.mat
  artifactKey: Guid(45358d5491259da4686f6d7a61664387) Importer(815301076,1909f56bfc062723c751e8b465ee728b)
Start importing Assets/Materials/Green.mat using Guid(45358d5491259da4686f6d7a61664387) Importer(815301076,1909f56bfc062723c751e8b465ee728b)  -> (artifact id: '2ded8fa2c4a6c74b4bebfa3d6e20ae63') in 0.020376 seconds
  Import took 0.024606 seconds .

========================================================================
Received Import Request.
  Time since last request: 0.000236 seconds.
  path: Assets/Materials/Noise.mat
  artifactKey: Guid(3bc24efe81da4f841a650ee765163519) Importer(815301076,1909f56bfc062723c751e8b465ee728b)
Start importing Assets/Materials/Noise.mat using Guid(3bc24efe81da4f841a650ee765163519) Importer(815301076,1909f56bfc062723c751e8b465ee728b)  -> (artifact id: '86d2d853424bc482a16fab713497ea0f') in 0.030541 seconds
  Import took 0.034200 seconds .

========================================================================
Received Import Request.
  Time since last request: 0.000196 seconds.
  path: Assets/Photos/Photo_2021-05-03_00-17-34.png
  artifactKey: Guid(917524658898c7442a281abdd38d166a) Importer(815301076,1909f56bfc062723c751e8b465ee728b)
Start importing Assets/Photos/Photo_2021-05-03_00-17-34.png using Guid(917524658898c7442a281abdd38d166a) Importer(815301076,1909f56bfc062723c751e8b465ee728b)  -> (artifact id: '3d43eb3c2e0149eb2679cb999abf3b3f') in 0.060327 seconds
  Import took 0.064316 seconds .

========================================================================
Received Import Request.
  Time since last request: 0.000216 seconds.
  path: Assets/Photos/Photo_2021-05-08_17-29-00.png
  artifactKey: Guid(abc566cec273ece4fa24497959d13242) Importer(815301076,1909f56bfc062723c751e8b465ee728b)
Start importing Assets/Photos/Photo_2021-05-08_17-29-00.png using Guid(abc566cec273ece4fa24497959d13242) Importer(815301076,1909f56bfc062723c751e8b465ee728b)  -> (artifact id: '9dfac02b9c03da78928901047601ceed') in 0.066336 seconds
  Import took 0.070752 seconds .

========================================================================
Received Import Request.
  Time since last request: 0.000232 seconds.
  path: Assets/Photos/Photo_2021-05-05_20-46-14.png
  artifactKey: Guid(abdc9fab04b3afe48a963fc95410278e) Importer(815301076,1909f56bfc062723c751e8b465ee728b)
Start importing Assets/Photos/Photo_2021-05-05_20-46-14.png using Guid(abdc9fab04b3afe48a963fc95410278e) Importer(815301076,1909f56bfc062723c751e8b465ee728b)  -> (artifact id: '91566aed5b8f90a71e28a9b16c71e9d0') in 0.078074 seconds
  Import took 0.082553 seconds .

========================================================================
Received Import Request.
  Time since last request: 0.000192 seconds.
  path: Assets/Photos/Photo_2021-05-08_17-28-55.png
  artifactKey: Guid(d4c48a7ddf36c0049b7cd3111615db21) Importer(815301076,1909f56bfc062723c751e8b465ee728b)
Start importing Assets/Photos/Photo_2021-05-08_17-28-55.png using Guid(d4c48a7ddf36c0049b7cd3111615db21) Importer(815301076,1909f56bfc062723c751e8b465ee728b)  -> (artifact id: '9553f807fe63b9e1aa7e2380854a08ac') in 0.051391 seconds
  Import took 0.055772 seconds .

========================================================================
Received Import Request.
  Time since last request: 0.000197 seconds.
  path: Assets/Photos/Photo_2021-05-03_19-42-42.png
  artifactKey: Guid(5abecc9dd0e1073478c43fc7c469ef01) Importer(815301076,1909f56bfc062723c751e8b465ee728b)
Start importing Assets/Photos/Photo_2021-05-03_19-42-42.png using Guid(5abecc9dd0e1073478c43fc7c469ef01) Importer(815301076,1909f56bfc062723c751e8b465ee728b)  -> (artifact id: 'a1125982dc7c42d9001d822f4d924356') in 0.045857 seconds
  Import took 0.050038 seconds .

========================================================================
Received Import Request.
  Time since last request: 0.000207 seconds.
  path: Assets/Photos/Photo_2021-05-08_17-42-39.png
  artifactKey: Guid(8a72b35b261ffc141ab9c93dd51b797b) Importer(815301076,1909f56bfc062723c751e8b465ee728b)
Start importing Assets/Photos/Photo_2021-05-08_17-42-39.png using Guid(8a72b35b261ffc141ab9c93dd51b797b) Importer(815301076,1909f56bfc062723c751e8b465ee728b)  -> (artifact id: '60be0185bd49ec26f93553fb1e26efa9') in 0.076443 seconds
  Import took 0.080183 seconds .

========================================================================
Received Import Request.
  Time since last request: 0.000177 seconds.
  path: Assets/Photos/Photo_2021-05-05_01-09-55.png
  artifactKey: Guid(7966962e76a33ac41b797c552c257852) Importer(815301076,1909f56bfc062723c751e8b465ee728b)
Start importing Assets/Photos/Photo_2021-05-05_01-09-55.png using Guid(7966962e76a33ac41b797c552c257852) Importer(815301076,1909f56bfc062723c751e8b465ee728b)  -> (artifact id: '6e81bca61da656dab3283a09b42bcd85') in 0.054343 seconds
  Import took 0.058056 seconds .

========================================================================
Received Import Request.
  Time since last request: 0.000196 seconds.
  path: Assets/Photos/Photo_2021-05-07_12-59-05.png
  artifactKey: Guid(a0a4b507b723cfc4b9af515e83b9d9e5) Importer(815301076,1909f56bfc062723c751e8b465ee728b)
Start importing Assets/Photos/Photo_2021-05-07_12-59-05.png using Guid(a0a4b507b723cfc4b9af515e83b9d9e5) Importer(815301076,1909f56bfc062723c751e8b465ee728b)  -> (artifact id: '2f154284b422bfa0054579374778b54d') in 0.058749 seconds
  Import took 0.063014 seconds .

========================================================================
Received Import Request.
  Time since last request: 0.000206 seconds.
  path: Assets/Photos/Photo_2021-05-03_19-25-15.png
  artifactKey: Guid(3c92d765d7769004f95394ce72194c1c) Importer(815301076,1909f56bfc062723c751e8b465ee728b)
Start importing Assets/Photos/Photo_2021-05-03_19-25-15.png using Guid(3c92d765d7769004f95394ce72194c1c) Importer(815301076,1909f56bfc062723c751e8b465ee728b)  -> (artifact id: '3e98822a0977ccf2db767d3402c043d3') in 0.080901 seconds
  Import took 0.084693 seconds .

========================================================================
Received Import Request.
  Time since last request: 0.000180 seconds.
  path: Assets/Photos/Photo_2021-05-07_14-10-53.png
  artifactKey: Guid(e7d7f01b15426a0428b3bde3ea558c26) Importer(815301076,1909f56bfc062723c751e8b465ee728b)
Start importing Assets/Photos/Photo_2021-05-07_14-10-53.png using Guid(e7d7f01b15426a0428b3bde3ea558c26) Importer(815301076,1909f56bfc062723c751e8b465ee728b)  -> (artifact id: '6bebd99592abc4545e3cd39d0f66b4c9') in 0.050149 seconds
  Import took 0.054669 seconds .

========================================================================
Received Import Request.
  Time since last request: 0.000177 seconds.
  path: Assets/Materials/Base.mat
  artifactKey: Guid(bfdb694f0ecb7d54190b7575c34f66bb) Importer(815301076,1909f56bfc062723c751e8b465ee728b)
Start importing Assets/Materials/Base.mat using Guid(bfdb694f0ecb7d54190b7575c34f66bb) Importer(815301076,1909f56bfc062723c751e8b465ee728b)  -> (artifact id: '342c75e198d39809d7324196a517ff37') in 0.073835 seconds
  Import took 0.077253 seconds .

========================================================================
Received Import Request.
  Time since last request: 0.000192 seconds.
  path: Assets/Photos/Photo_2021-05-05_20-46-36.png
  artifactKey: Guid(1e89bd0de34fd0946bbf2082093d6897) Importer(815301076,1909f56bfc062723c751e8b465ee728b)
Start importing Assets/Photos/Photo_2021-05-05_20-46-36.png using Guid(1e89bd0de34fd0946bbf2082093d6897) Importer(815301076,1909f56bfc062723c751e8b465ee728b)  -> (artifact id: '2d89a873d0938ec2585894bd4167ac85') in 0.039946 seconds
  Import took 0.043660 seconds .

========================================================================
Received Import Request.
  Time since last request: 0.000227 seconds.
  path: Assets/Materials/WaterSurface.mat
  artifactKey: Guid(c6816b92953fbdd4d853ee25cc3cde29) Importer(815301076,1909f56bfc062723c751e8b465ee728b)
Start importing Assets/Materials/WaterSurface.mat using Guid(c6816b92953fbdd4d853ee25cc3cde29) Importer(815301076,1909f56bfc062723c751e8b465ee728b)  -> (artifact id: 'cab41295059671ddbc0b89ce6d91f5df') in 1.188874 seconds
  Import took 1.212559 seconds .

========================================================================
Received Import Request.
  Time since last request: 0.000166 seconds.
  path: Assets/Photos/Photo_2021-05-05_20-43-46.png
  artifactKey: Guid(6ab34cab009c2e247aa932be2de11936) Importer(815301076,1909f56bfc062723c751e8b465ee728b)
Start importing Assets/Photos/Photo_2021-05-05_20-43-46.png using Guid(6ab34cab009c2e247aa932be2de11936) Importer(815301076,1909f56bfc062723c751e8b465ee728b)  -> (artifact id: '2976d3437003bb32e9738d3ecf8bbb9c') in 0.050283 seconds
  Import took 0.066160 seconds .

========================================================================
Received Import Request.
  Time since last request: 0.000167 seconds.
  path: Assets/Photos/Photo_2021-05-05_20-46-19.png
  artifactKey: Guid(a3d03b03396774f4b9da9316139d7f21) Importer(815301076,1909f56bfc062723c751e8b465ee728b)
Start importing Assets/Photos/Photo_2021-05-05_20-46-19.png using Guid(a3d03b03396774f4b9da9316139d7f21) Importer(815301076,1909f56bfc062723c751e8b465ee728b)  -> (artifact id: '1d14151f8c5893724cce7cdcb48772d8') in 0.083579 seconds
  Import took 0.087700 seconds .

========================================================================
Received Import Request.
  Time since last request: 0.000194 seconds.
  path: Assets/Materials/Sand.mat
  artifactKey: Guid(15bee5d3a7b218e4fa22a46830cf46cd) Importer(815301076,1909f56bfc062723c751e8b465ee728b)
Start importing Assets/Materials/Sand.mat using Guid(15bee5d3a7b218e4fa22a46830cf46cd) Importer(815301076,1909f56bfc062723c751e8b465ee728b)  -> (artifact id: '3263ec46f4f0b0d26e6aac200abb9fa6') in 0.074351 seconds
  Import took 0.078217 seconds .

========================================================================
Received Import Request.
  Time since last request: 0.000178 seconds.
  path: Assets/Photos/Photo_2021-05-06_20-31-59.png
  artifactKey: Guid(29c34b9fd2994c04c81f3d6e99130b4f) Importer(815301076,1909f56bfc062723c751e8b465ee728b)
Start importing Assets/Photos/Photo_2021-05-06_20-31-59.png using Guid(29c34b9fd2994c04c81f3d6e99130b4f) Importer(815301076,1909f56bfc062723c751e8b465ee728b)  -> (artifact id: '9cc155920476a487a3d19c6f81b2cf24') in 0.047598 seconds
  Import took 0.069823 seconds .

========================================================================
Received Import Request.
  Time since last request: 0.000191 seconds.
  path: Assets/Photos/Photo_2021-05-05_20-47-54.png
  artifactKey: Guid(8ab3871e3f8dccb4db655f85f30fe4de) Importer(815301076,1909f56bfc062723c751e8b465ee728b)
Start importing Assets/Photos/Photo_2021-05-05_20-47-54.png using Guid(8ab3871e3f8dccb4db655f85f30fe4de) Importer(815301076,1909f56bfc062723c751e8b465ee728b)  -> (artifact id: '8ee4d4014a590ce3ddbf504e6224bda0') in 0.039905 seconds
  Import took 0.044058 seconds .

========================================================================
Received Import Request.
  Time since last request: 0.000205 seconds.
  path: Assets/Picture Camera/Picture Canvas.prefab
  artifactKey: Guid(027da526d67f7e6498f2e7e025ece31a) Importer(815301076,1909f56bfc062723c751e8b465ee728b)
Start importing Assets/Picture Camera/Picture Canvas.prefab using Guid(027da526d67f7e6498f2e7e025ece31a) Importer(815301076,1909f56bfc062723c751e8b465ee728b)  -> (artifact id: '15023837a605f8422c69793ae469c72f') in 0.021218 seconds
  Import took 0.025539 seconds .

========================================================================
Received Import Request.
  Time since last request: 0.000239 seconds.
  path: Assets/Picture Camera/PictureTexture.renderTexture
  artifactKey: Guid(4271411d67e5e3e45bd1439cc3d5da8b) Importer(815301076,1909f56bfc062723c751e8b465ee728b)
Start importing Assets/Picture Camera/PictureTexture.renderTexture using Guid(4271411d67e5e3e45bd1439cc3d5da8b) Importer(815301076,1909f56bfc062723c751e8b465ee728b)  -> (artifact id: 'eb118becc5c42cba4e10d166bb03f0a1') in 0.028459 seconds
  Import took 0.034616 seconds .

========================================================================
Received Import Request.
  Time since last request: 0.000228 seconds.
  path: Assets/Photos/Photo_2021-05-08_17-28-53.png
  artifactKey: Guid(613fb25b1c1d3c24ca04e162c24d799e) Importer(815301076,1909f56bfc062723c751e8b465ee728b)
Start importing Assets/Photos/Photo_2021-05-08_17-28-53.png using Guid(613fb25b1c1d3c24ca04e162c24d799e) Importer(815301076,1909f56bfc062723c751e8b465ee728b)  -> (artifact id: '51221ea5197aff6fa8dbbd8dac164359') in 0.040165 seconds
  Import took 0.044256 seconds .

========================================================================
Received Import Request.
  Time since last request: 0.000185 seconds.
  path: Assets/Photos/Photo_2021-05-03_00-17-10.png
  artifactKey: Guid(98e9171b66da7db4280430c417b9b6dd) Importer(815301076,1909f56bfc062723c751e8b465ee728b)
Start importing Assets/Photos/Photo_2021-05-03_00-17-10.png using Guid(98e9171b66da7db4280430c417b9b6dd) Importer(815301076,1909f56bfc062723c751e8b465ee728b)  -> (artifact id: 'd81d01e7dfbdc3fd2034e706ed4ca1ab') in 0.057807 seconds
  Import took 0.082002 seconds .

========================================================================
Received Import Request.
  Time since last request: 0.000181 seconds.
  path: Assets/Photos/Photo_2021-05-06_00-15-47.png
  artifactKey: Guid(b2e8c1ef77979e94688176f8d31e36ec) Importer(815301076,1909f56bfc062723c751e8b465ee728b)
Start importing Assets/Photos/Photo_2021-05-06_00-15-47.png using Guid(b2e8c1ef77979e94688176f8d31e36ec) Importer(815301076,1909f56bfc062723c751e8b465ee728b)  -> (artifact id: '38ef6b03cbcbe99260cd0a36775d1b4f') in 0.061109 seconds
  Import took 0.064575 seconds .

========================================================================
Received Import Request.
  Time since last request: 0.000195 seconds.
  path: Assets/Photos/Photo_2021-05-05_20-46-22.png
  artifactKey: Guid(9a2f2f162da1cb747b4c57e8089ec475) Importer(815301076,1909f56bfc062723c751e8b465ee728b)
Start importing Assets/Photos/Photo_2021-05-05_20-46-22.png using Guid(9a2f2f162da1cb747b4c57e8089ec475) Importer(815301076,1909f56bfc062723c751e8b465ee728b)  -> (artifact id: '9f3b7043dd6ab4d4e0e71b940d45200f') in 0.067104 seconds
  Import took 0.070357 seconds .

========================================================================
Received Import Request.
  Time since last request: 0.000226 seconds.
  path: Assets/Photos/Photo_2021-05-06_20-31-56.png
  artifactKey: Guid(43c2ee8465eb0ea4a90f853f42c999c7) Importer(815301076,1909f56bfc062723c751e8b465ee728b)
Start importing Assets/Photos/Photo_2021-05-06_20-31-56.png using Guid(43c2ee8465eb0ea4a90f853f42c999c7) Importer(815301076,1909f56bfc062723c751e8b465ee728b)  -> (artifact id: 'd481d122d89408413415f319f65a02c3') in 0.085419 seconds
  Import took 0.120023 seconds .

========================================================================
Received Import Request.
  Time since last request: 0.000195 seconds.
  path: Assets/Photos/Photo_2021-05-03_00-17-48.png
  artifactKey: Guid(bb9a1acfcbccacb43a079f1c27c24ac8) Importer(815301076,1909f56bfc062723c751e8b465ee728b)
Start importing Assets/Photos/Photo_2021-05-03_00-17-48.png using Guid(bb9a1acfcbccacb43a079f1c27c24ac8) Importer(815301076,1909f56bfc062723c751e8b465ee728b)  -> (artifact id: '9b49d02a8f3f1a55965fb2034d0fe501') in 0.081814 seconds
  Import took 0.085991 seconds .

========================================================================
Received Import Request.
  Time since last request: 0.000187 seconds.
  path: Assets/Photos/Photo_2021-05-04_00-07-50.png
  artifactKey: Guid(c5b6643f02fd2134d9f43670bfd11f02) Importer(815301076,1909f56bfc062723c751e8b465ee728b)
Start importing Assets/Photos/Photo_2021-05-04_00-07-50.png using Guid(c5b6643f02fd2134d9f43670bfd11f02) Importer(815301076,1909f56bfc062723c751e8b465ee728b)  -> (artifact id: 'adc7fbc7c408ea8d1f460ec2e7deeeb0') in 0.134612 seconds
  Import took 0.138466 seconds .

========================================================================
Received Import Request.
  Time since last request: 0.000207 seconds.
  path: Assets/Photos/Photo_2021-05-05_20-46-30.png
  artifactKey: Guid(0d1f3becfec17004aa07ad1839fd380b) Importer(815301076,1909f56bfc062723c751e8b465ee728b)
Start importing Assets/Photos/Photo_2021-05-05_20-46-30.png using Guid(0d1f3becfec17004aa07ad1839fd380b) Importer(815301076,1909f56bfc062723c751e8b465ee728b)  -> (artifact id: '40bb50bbb06286e36959062a5a197803') in 0.073197 seconds
  Import took 0.078090 seconds .

========================================================================
Received Import Request.
  Time since last request: 0.000214 seconds.
  path: Assets/Photos/Photo_2021-05-07_14-16-38.png
  artifactKey: Guid(2ba7ddf9e515aab4c8b24a756a8c1367) Importer(815301076,1909f56bfc062723c751e8b465ee728b)
Start importing Assets/Photos/Photo_2021-05-07_14-16-38.png using Guid(2ba7ddf9e515aab4c8b24a756a8c1367) Importer(815301076,1909f56bfc062723c751e8b465ee728b)  -> (artifact id: 'ebaae4a938852d1fcc5350506c044b35') in 0.050114 seconds
  Import took 0.053990 seconds .

========================================================================
Received Import Request.
  Time since last request: 0.000222 seconds.
  path: Assets/Photos/Photo_2021-05-08_17-43-37.png
  artifactKey: Guid(5d0a240326cd41b4688ce2548cbbb23b) Importer(815301076,1909f56bfc062723c751e8b465ee728b)
Start importing Assets/Photos/Photo_2021-05-08_17-43-37.png using Guid(5d0a240326cd41b4688ce2548cbbb23b) Importer(815301076,1909f56bfc062723c751e8b465ee728b)  -> (artifact id: 'c192a5721200f573cd210d27c2facf2c') in 0.062105 seconds
  Import took 0.065981 seconds .

========================================================================
Received Import Request.
  Time since last request: 0.000232 seconds.
  path: Assets/Photos/Photo_2021-05-03_19-29-16.png
  artifactKey: Guid(6af12c91a8d572c4fb1bb86f609371c6) Importer(815301076,1909f56bfc062723c751e8b465ee728b)
Start importing Assets/Photos/Photo_2021-05-03_19-29-16.png using Guid(6af12c91a8d572c4fb1bb86f609371c6) Importer(815301076,1909f56bfc062723c751e8b465ee728b)  -> (artifact id: '881aa5aa6be6aedc3739dd8047d93f76') in 0.040464 seconds
  Import took 0.044613 seconds .

========================================================================
Received Import Request.
  Time since last request: 0.000209 seconds.
  path: Assets/Photos/Photo_2021-05-04_00-07-42.png
  artifactKey: Guid(b3d63202660372345a0f24d94f67f7cb) Importer(815301076,1909f56bfc062723c751e8b465ee728b)
Start importing Assets/Photos/Photo_2021-05-04_00-07-42.png using Guid(b3d63202660372345a0f24d94f67f7cb) Importer(815301076,1909f56bfc062723c751e8b465ee728b)  -> (artifact id: 'a266cfc7a87db1ea78fa431248d5e91d') in 0.070432 seconds
  Import took 0.073708 seconds .

========================================================================
Received Import Request.
  Time since last request: 0.000175 seconds.
  path: Assets/Photos/Photo_2021-05-06_00-15-53.png
  artifactKey: Guid(3305d3520b8aa3446bf796ce8325fc5c) Importer(815301076,1909f56bfc062723c751e8b465ee728b)
Start importing Assets/Photos/Photo_2021-05-06_00-15-53.png using Guid(3305d3520b8aa3446bf796ce8325fc5c) Importer(815301076,1909f56bfc062723c751e8b465ee728b)  -> (artifact id: '054eed8a6d5ee4c29e4cf91d52048c97') in 0.068340 seconds
  Import took 0.071908 seconds .

========================================================================
Received Import Request.
  Time since last request: 0.000205 seconds.
  path: Assets/Tree_Textures/diffuse.png
  artifactKey: Guid(598467a6949ac744db03a5b999707b23) Importer(815301076,1909f56bfc062723c751e8b465ee728b)
Start importing Assets/Tree_Textures/diffuse.png using Guid(598467a6949ac744db03a5b999707b23) Importer(815301076,1909f56bfc062723c751e8b465ee728b)  -> (artifact id: '3dbb02f9cb751846df27f9159f694419') in 0.037272 seconds
  Import took 0.040838 seconds .

========================================================================
Received Import Request.
  Time since last request: 0.000215 seconds.
  path: Assets/Tree_Textures/shadow.png
  artifactKey: Guid(671b1aa91857196438be8616674004dc) Importer(815301076,1909f56bfc062723c751e8b465ee728b)
Start importing Assets/Tree_Textures/shadow.png using Guid(671b1aa91857196438be8616674004dc) Importer(815301076,1909f56bfc062723c751e8b465ee728b)  -> (artifact id: '15d20c9a754bffba8d43f0703ae9f26d') in 0.027972 seconds
  Import took 0.046092 seconds .

========================================================================
Received Import Request.
  Time since last request: 0.000196 seconds.
  path: Assets/Tree_Textures/translucency_gloss.png
  artifactKey: Guid(b0ac0fee717cbfc42abfc223fab8774b) Importer(815301076,1909f56bfc062723c751e8b465ee728b)
Start importing Assets/Tree_Textures/translucency_gloss.png using Guid(b0ac0fee717cbfc42abfc223fab8774b) Importer(815301076,1909f56bfc062723c751e8b465ee728b)  -> (artifact id: '526ad0318628c4baef07958e41ccd980') in 0.044082 seconds
  Import took 0.048334 seconds .

========================================================================
Received Import Request.
  Time since last request: 0.000202 seconds.
  path: Assets/Tree_Textures/normal_specular.png
  artifactKey: Guid(8827111f95a79bf4e803b25ae2209c02) Importer(815301076,1909f56bfc062723c751e8b465ee728b)
Start importing Assets/Tree_Textures/normal_specular.png using Guid(8827111f95a79bf4e803b25ae2209c02) Importer(815301076,1909f56bfc062723c751e8b465ee728b)  -> (artifact id: '7e46b47efa10a1e9693b63767359862c') in 0.030116 seconds
  Import took 0.034343 seconds .

========================================================================
Received Import Request.
  Time since last request: 0.000301 seconds.
  path: Assets/Photos/Photo_2021-05-06_20-30-52.png
  artifactKey: Guid(78d54b130eaf1be41a29ae3b904c0b19) Importer(815301076,1909f56bfc062723c751e8b465ee728b)
Start importing Assets/Photos/Photo_2021-05-06_20-30-52.png using Guid(78d54b130eaf1be41a29ae3b904c0b19) Importer(815301076,1909f56bfc062723c751e8b465ee728b)  -> (artifact id: '8390d4052957a8e1175616b334295323') in 0.049973 seconds
  Import took 0.054172 seconds .

========================================================================
Received Import Request.
  Time since last request: 0.000199 seconds.
  path: Assets/Photos/Photo_2021-05-07_14-10-44.png
  artifactKey: Guid(c7af5ad029781c846bde7a74d0dce94a) Importer(815301076,1909f56bfc062723c751e8b465ee728b)
Start importing Assets/Photos/Photo_2021-05-07_14-10-44.png using Guid(c7af5ad029781c846bde7a74d0dce94a) Importer(815301076,1909f56bfc062723c751e8b465ee728b)  -> (artifact id: 'a820554cd5f7490ebfdd7fe88b250cb8') in 0.097744 seconds
  Import took 0.101816 seconds .

========================================================================
Received Import Request.
  Time since last request: 0.000206 seconds.
  path: Assets/Photos/Photo_2021-05-05_20-44-16.png
  artifactKey: Guid(3dd4e83f91436b44caff8e97d78596e5) Importer(815301076,1909f56bfc062723c751e8b465ee728b)
Start importing Assets/Photos/Photo_2021-05-05_20-44-16.png using Guid(3dd4e83f91436b44caff8e97d78596e5) Importer(815301076,1909f56bfc062723c751e8b465ee728b)  -> (artifact id: '802da7b42d8ffb36104ce642b3ec9bc7') in 0.067937 seconds
  Import took 0.072454 seconds .

========================================================================
Received Import Request.
  Time since last request: 1.625396 seconds.
  path: Packages/com.unity.searcher/Editor/Resources/FlatSkin/Font/Roboto-ThinItalic.ttf
  artifactKey: Guid(b2ea3b3f1765e544b9eb5bd1a93a91ce) Importer(815301076,1909f56bfc062723c751e8b465ee728b)
Start importing Packages/com.unity.searcher/Editor/Resources/FlatSkin/Font/Roboto-ThinItalic.ttf using Guid(b2ea3b3f1765e544b9eb5bd1a93a91ce) Importer(815301076,1909f56bfc062723c751e8b465ee728b)  -> (artifact id: 'eee63456c6fb330a52b7d6110612d4b9') in 0.131150 seconds
  Import took 0.135580 seconds .

========================================================================
Received Import Request.
  Time since last request: 0.000177 seconds.
  path: Packages/com.unity.searcher/Editor/Resources/FlatSkin/Font/Roboto-BoldItalic.ttf
  artifactKey: Guid(dfb97a9307a577a41bcacba34b9a7e32) Importer(815301076,1909f56bfc062723c751e8b465ee728b)
Start importing Packages/com.unity.searcher/Editor/Resources/FlatSkin/Font/Roboto-BoldItalic.ttf using Guid(dfb97a9307a577a41bcacba34b9a7e32) Importer(815301076,1909f56bfc062723c751e8b465ee728b)  -> (artifact id: 'da2c6c7761981a34e982620a1026c8e2') in 0.048054 seconds
  Import took 0.052787 seconds .

========================================================================
Received Import Request.
  Time since last request: 0.000209 seconds.
  path: Packages/com.unity.searcher/Editor/Resources/FlatSkin/Font/Roboto-Thin.ttf
  artifactKey: Guid(19a9abb883540be48b75b951a927ae03) Importer(815301076,1909f56bfc062723c751e8b465ee728b)
Start importing Packages/com.unity.searcher/Editor/Resources/FlatSkin/Font/Roboto-Thin.ttf using Guid(19a9abb883540be48b75b951a927ae03) Importer(815301076,1909f56bfc062723c751e8b465ee728b)  -> (artifact id: '54ba8efb73876c5103cc23140493cfde') in 0.068083 seconds
  Import took 0.090081 seconds .

========================================================================
Received Import Request.
  Time since last request: 0.000235 seconds.
  path: Packages/com.unity.searcher/Editor/Resources/FlatSkin/Font/Roboto-MediumItalic.ttf
  artifactKey: Guid(d93c1bc57fdf1ac4dad1bf04fac05464) Importer(815301076,1909f56bfc062723c751e8b465ee728b)
Start importing Packages/com.unity.searcher/Editor/Resources/FlatSkin/Font/Roboto-MediumItalic.ttf using Guid(d93c1bc57fdf1ac4dad1bf04fac05464) Importer(815301076,1909f56bfc062723c751e8b465ee728b)  -> (artifact id: 'aadb959ee13fb770c8d43f4706f6f9ce') in 0.045033 seconds
  Import took 0.049906 seconds .

========================================================================
Received Import Request.
  Time since last request: 0.000198 seconds.
  path: Packages/com.unity.render-pipelines.universal/Runtime/Materials/TerrainLit.mat
  artifactKey: Guid(594ea882c5a793440b60ff72d896021e) Importer(815301076,1909f56bfc062723c751e8b465ee728b)
Start importing Packages/com.unity.render-pipelines.universal/Runtime/Materials/TerrainLit.mat using Guid(594ea882c5a793440b60ff72d896021e) Importer(815301076,1909f56bfc062723c751e8b465ee728b)  -> (artifact id: '0ba060d87e1bab2f5e79076a96243509') in 0.038700 seconds
  Import took 0.042626 seconds .

========================================================================
Received Import Request.
  Time since last request: 0.000192 seconds.
  path: Packages/com.unity.render-pipelines.universal/Runtime/Materials/Sprite-Unlit-Default.mat
  artifactKey: Guid(9dfc825aed78fcd4ba02077103263b40) Importer(815301076,1909f56bfc062723c751e8b465ee728b)
Start importing Packages/com.unity.render-pipelines.universal/Runtime/Materials/Sprite-Unlit-Default.mat using Guid(9dfc825aed78fcd4ba02077103263b40) Importer(815301076,1909f56bfc062723c751e8b465ee728b)  -> (artifact id: '14792e0ef79d3b5d18704e12ea23e731') in 0.027893 seconds
  Import took 0.032324 seconds .

========================================================================
Received Import Request.
  Time since last request: 0.000260 seconds.
  path: Assets/Tree.prefab
  artifactKey: Guid(0f1bef1c135f7204996f3ce8b52cc1ae) Importer(815301076,1909f56bfc062723c751e8b465ee728b)
Start importing Assets/Tree.prefab using Guid(0f1bef1c135f7204996f3ce8b52cc1ae) Importer(815301076,1909f56bfc062723c751e8b465ee728b)  -> (artifact id: 'ab8d5fd023845aff905c92de2ce0f40f') in 0.098310 seconds
  Import took 0.102713 seconds .

========================================================================
Received Import Request.
  Time since last request: 0.000202 seconds.
  path: Packages/com.unity.render-pipelines.universal/Runtime/Materials/SimpleLit.mat
  artifactKey: Guid(6a1143ee683302f4aa628c052723efc1) Importer(815301076,1909f56bfc062723c751e8b465ee728b)
Start importing Packages/com.unity.render-pipelines.universal/Runtime/Materials/SimpleLit.mat using Guid(6a1143ee683302f4aa628c052723efc1) Importer(815301076,1909f56bfc062723c751e8b465ee728b)  -> (artifact id: '3e0363ae660fd8f35c642e7a8314015c') in 0.069610 seconds
  Import took 0.073472 seconds .

========================================================================
Received Import Request.
  Time since last request: 0.000182 seconds.
  path: Packages/com.unity.searcher/Editor/Resources/FlatSkin/Font/Roboto-Black.ttf
  artifactKey: Guid(1062c701058745940ae5dca6219c64c8) Importer(815301076,1909f56bfc062723c751e8b465ee728b)
Start importing Packages/com.unity.searcher/Editor/Resources/FlatSkin/Font/Roboto-Black.ttf using Guid(1062c701058745940ae5dca6219c64c8) Importer(815301076,1909f56bfc062723c751e8b465ee728b)  -> (artifact id: '7b5e305e9d6f614f09ecb719d1c72e46') in 0.054519 seconds
  Import took 0.058777 seconds .

========================================================================
Received Import Request.
  Time since last request: 0.000192 seconds.
  path: Packages/com.unity.searcher/Editor/Resources/FlatSkin/Font/Roboto-Regular.ttf
  artifactKey: Guid(30dc370b164eefc43b95744fc796dad0) Importer(815301076,1909f56bfc062723c751e8b465ee728b)
Start importing Packages/com.unity.searcher/Editor/Resources/FlatSkin/Font/Roboto-Regular.ttf using Guid(30dc370b164eefc43b95744fc796dad0) Importer(815301076,1909f56bfc062723c751e8b465ee728b)  -> (artifact id: '13801dd454b1d442d9a0c42f31791ea8') in 0.063154 seconds
  Import took 0.067153 seconds .

========================================================================
Received Import Request.
  Time since last request: 0.000221 seconds.
  path: Packages/com.unity.render-pipelines.universal/Runtime/Materials/Sprite-Lit-Default.mat
  artifactKey: Guid(a97c105638bdf8b4a8650670310a4cd3) Importer(815301076,1909f56bfc062723c751e8b465ee728b)
Start importing Packages/com.unity.render-pipelines.universal/Runtime/Materials/Sprite-Lit-Default.mat using Guid(a97c105638bdf8b4a8650670310a4cd3) Importer(815301076,1909f56bfc062723c751e8b465ee728b)  -> (artifact id: '349faf898890fdc41f20216b11c20fd4') in 0.019414 seconds
  Import took 0.023154 seconds .

========================================================================
Received Import Request.
  Time since last request: 0.000169 seconds.
  path: Packages/com.unity.render-pipelines.universal/Runtime/Materials/Lit.mat
  artifactKey: Guid(31321ba15b8f8eb4c954353edc038b1d) Importer(815301076,1909f56bfc062723c751e8b465ee728b)
Start importing Packages/com.unity.render-pipelines.universal/Runtime/Materials/Lit.mat using Guid(31321ba15b8f8eb4c954353edc038b1d) Importer(815301076,1909f56bfc062723c751e8b465ee728b)  -> (artifact id: 'ca57d210b763bc6d7647735f9daa4f2e') in 0.011697 seconds
  Import took 0.015649 seconds .

========================================================================
Received Import Request.
  Time since last request: 0.000205 seconds.
  path: Packages/com.unity.render-pipelines.core/Runtime/Debugging/Prefabs/Fonts/Perfect DOS VGA 437.ttf
  artifactKey: Guid(74a5091d8707f334b9a5c31ef71a64ba) Importer(815301076,1909f56bfc062723c751e8b465ee728b)
Start importing Packages/com.unity.render-pipelines.core/Runtime/Debugging/Prefabs/Fonts/Perfect DOS VGA 437.ttf using Guid(74a5091d8707f334b9a5c31ef71a64ba) Importer(815301076,1909f56bfc062723c751e8b465ee728b)  -> (artifact id: '9275556964afaf215d2207e119e99c1d') in 0.050646 seconds
  Import took 0.054519 seconds .

========================================================================
Received Import Request.
  Time since last request: 0.000196 seconds.
  path: Packages/com.unity.searcher/Editor/Resources/FlatSkin/Font/Roboto-BlackItalic.ttf
  artifactKey: Guid(f95147a9bab9fe649b8070170fa7ebd2) Importer(815301076,1909f56bfc062723c751e8b465ee728b)
Start importing Packages/com.unity.searcher/Editor/Resources/FlatSkin/Font/Roboto-BlackItalic.ttf using Guid(f95147a9bab9fe649b8070170fa7ebd2) Importer(815301076,1909f56bfc062723c751e8b465ee728b)  -> (artifact id: '81adb05fbd81000f3b0f8f1296a6bbe1') in 0.044922 seconds
  Import took 0.048367 seconds .

========================================================================
Received Import Request.
  Time since last request: 0.000200 seconds.
  path: Packages/com.unity.render-pipelines.universal/Runtime/Materials/ParticlesUnlit.mat
  artifactKey: Guid(e823cd5b5d27c0f4b8256e7c12ee3e6d) Importer(815301076,1909f56bfc062723c751e8b465ee728b)
Start importing Packages/com.unity.render-pipelines.universal/Runtime/Materials/ParticlesUnlit.mat using Guid(e823cd5b5d27c0f4b8256e7c12ee3e6d) Importer(815301076,1909f56bfc062723c751e8b465ee728b)  -> (artifact id: 'd254518b5f4f98932c08f87a52bad7aa') in 0.014347 seconds
  Import took 0.019550 seconds .

========================================================================
Received Import Request.
  Time since last request: 0.000141 seconds.
  path: Packages/com.unity.searcher/Editor/Resources/FlatSkin/Font/Roboto-Bold.ttf
  artifactKey: Guid(3750c318f40cab44a97d3a81beaefeb3) Importer(815301076,1909f56bfc062723c751e8b465ee728b)
Start importing Packages/com.unity.searcher/Editor/Resources/FlatSkin/Font/Roboto-Bold.ttf using Guid(3750c318f40cab44a97d3a81beaefeb3) Importer(815301076,1909f56bfc062723c751e8b465ee728b)  -> (artifact id: '985e1a371701a1af879c397b9119984f') in 0.035208 seconds
  Import took 0.039800 seconds .

========================================================================
Received Import Request.
  Time since last request: 0.000201 seconds.
  path: Packages/com.unity.render-pipelines.core/Runtime/Debugging/Prefabs/Widgets/DebugUI BitField.prefab
  artifactKey: Guid(7c78b588b2e1f7c4a86ca4a985cf6e4a) Importer(815301076,1909f56bfc062723c751e8b465ee728b)
Start importing Packages/com.unity.render-pipelines.core/Runtime/Debugging/Prefabs/Widgets/DebugUI BitField.prefab using Guid(7c78b588b2e1f7c4a86ca4a985cf6e4a) Importer(815301076,1909f56bfc062723c751e8b465ee728b)  -> (artifact id: 'ae33aa22cfb0ae0772f9d20a134be597') in 0.199105 seconds
  Import took 0.203906 seconds .

========================================================================
Received Import Request.
  Time since last request: 0.000331 seconds.
  path: Packages/com.unity.render-pipelines.core/Runtime/Debugging/Prefabs/Widgets/DebugUI EnumHistory.prefab
  artifactKey: Guid(b2da6b27df236b144b3516ed8e7d36ac) Importer(815301076,1909f56bfc062723c751e8b465ee728b)
Start importing Packages/com.unity.render-pipelines.core/Runtime/Debugging/Prefabs/Widgets/DebugUI EnumHistory.prefab using Guid(b2da6b27df236b144b3516ed8e7d36ac) Importer(815301076,1909f56bfc062723c751e8b465ee728b)  -> (artifact id: '449f15e3ca7b297e5a83b5ead48bfc7c') in 0.008195 seconds
  Import took 0.011888 seconds .

========================================================================
Received Import Request.
  Time since last request: 0.000198 seconds.
  path: Packages/com.unity.render-pipelines.core/Runtime/Debugging/Prefabs/Widgets/DebugUI Group.prefab
  artifactKey: Guid(38a07789c9e87004dad98c2909f58369) Importer(815301076,1909f56bfc062723c751e8b465ee728b)
Start importing Packages/com.unity.render-pipelines.core/Runtime/Debugging/Prefabs/Widgets/DebugUI Group.prefab using Guid(38a07789c9e87004dad98c2909f58369) Importer(815301076,1909f56bfc062723c751e8b465ee728b)  -> (artifact id: '2c6135a0524dd44273713cacd75f1fff') in 0.010605 seconds
  Import took 0.014559 seconds .

========================================================================
Received Import Request.
  Time since last request: 0.000197 seconds.
  path: Packages/com.unity.render-pipelines.core/Runtime/Debugging/Prefabs/Widgets/DebugUI Foldout.prefab
  artifactKey: Guid(1c87ab2ce8b8b304d98fbe9a734b1f74) Importer(815301076,1909f56bfc062723c751e8b465ee728b)
Start importing Packages/com.unity.render-pipelines.core/Runtime/Debugging/Prefabs/Widgets/DebugUI Foldout.prefab using Guid(1c87ab2ce8b8b304d98fbe9a734b1f74) Importer(815301076,1909f56bfc062723c751e8b465ee728b)  -> (artifact id: 'd1d4948ca4819817e0bb37732f7ff427') in 0.013789 seconds
  Import took 0.017590 seconds .

========================================================================
Received Import Request.
  Time since last request: 0.000213 seconds.
  path: Packages/com.unity.render-pipelines.core/Runtime/Debugging/Prefabs/Widgets/DebugUI Button.prefab
  artifactKey: Guid(f6ce33b91f6ffe54cadacbf4bb112440) Importer(815301076,1909f56bfc062723c751e8b465ee728b)
Start importing Packages/com.unity.render-pipelines.core/Runtime/Debugging/Prefabs/Widgets/DebugUI Button.prefab using Guid(f6ce33b91f6ffe54cadacbf4bb112440) Importer(815301076,1909f56bfc062723c751e8b465ee728b)  -> (artifact id: 'd72e0fe364f1600aa6c33bd66e2886a3') in 0.011733 seconds
  Import took 0.016441 seconds .

========================================================================
Received Import Request.
  Time since last request: 0.000196 seconds.
  path: Packages/com.unity.render-pipelines.core/Runtime/Debugging/Prefabs/Widgets/DebugUI Panel.prefab
  artifactKey: Guid(daa46a58178a6ad41ae1ddc2dc7f856d) Importer(815301076,1909f56bfc062723c751e8b465ee728b)
Start importing Packages/com.unity.render-pipelines.core/Runtime/Debugging/Prefabs/Widgets/DebugUI Panel.prefab using Guid(daa46a58178a6ad41ae1ddc2dc7f856d) Importer(815301076,1909f56bfc062723c751e8b465ee728b)  -> (artifact id: '3ff51103417dd9538c254fd3d4b1f69d') in 0.021363 seconds
  Import took 0.025220 seconds .

========================================================================
Received Import Request.
  Time since last request: 0.000198 seconds.
  path: Packages/com.unity.render-pipelines.core/Runtime/Debugging/Prefabs/Widgets/DebugUI Row.prefab
  artifactKey: Guid(2d019437ff89b8d44949727731cd9357) Importer(815301076,1909f56bfc062723c751e8b465ee728b)
Start importing Packages/com.unity.render-pipelines.core/Runtime/Debugging/Prefabs/Widgets/DebugUI Row.prefab using Guid(2d019437ff89b8d44949727731cd9357) Importer(815301076,1909f56bfc062723c751e8b465ee728b)  -> (artifact id: '814f0d3776873897ae2889893d601bca') in 0.007569 seconds
  Import took 0.031709 seconds .

========================================================================
Received Import Request.
  Time since last request: 0.000183 seconds.
  path: Packages/com.unity.render-pipelines.core/Runtime/Debugging/Prefabs/Widgets/DebugUI ToggleHistory.prefab
  artifactKey: Guid(5088d0220f0c4df439cf06c5c270eacb) Importer(815301076,1909f56bfc062723c751e8b465ee728b)
Start importing Packages/com.unity.render-pipelines.core/Runtime/Debugging/Prefabs/Widgets/DebugUI ToggleHistory.prefab using Guid(5088d0220f0c4df439cf06c5c270eacb) Importer(815301076,1909f56bfc062723c751e8b465ee728b)  -> (artifact id: 'ccc7c83dc00f4ca5826f53e4a60725c2') in 0.008604 seconds
  Import took 0.012073 seconds .

========================================================================
Received Import Request.
  Time since last request: 0.000252 seconds.
  path: Packages/com.unity.render-pipelines.core/Runtime/Debugging/Prefabs/Widgets/DebugUI UIntField.prefab
  artifactKey: Guid(f22bcc84a5f4a1944b075a2c4ac71493) Importer(815301076,1909f56bfc062723c751e8b465ee728b)
Start importing Packages/com.unity.render-pipelines.core/Runtime/Debugging/Prefabs/Widgets/DebugUI UIntField.prefab using Guid(f22bcc84a5f4a1944b075a2c4ac71493) Importer(815301076,1909f56bfc062723c751e8b465ee728b)  -> (artifact id: 'c86479f27f3136621376f06e25931991') in 0.006975 seconds
  Import took 0.011090 seconds .

========================================================================
Received Import Request.
  Time since last request: 0.000183 seconds.
  path: Packages/com.unity.render-pipelines.core/Runtime/Debugging/Prefabs/Widgets/DebugUI EnumField.prefab
  artifactKey: Guid(988db55689193434fb0b3b89538f978f) Importer(815301076,1909f56bfc062723c751e8b465ee728b)
Start importing Packages/com.unity.render-pipelines.core/Runtime/Debugging/Prefabs/Widgets/DebugUI EnumField.prefab using Guid(988db55689193434fb0b3b89538f978f) Importer(815301076,1909f56bfc062723c751e8b465ee728b)  -> (artifact id: '0c1314a1fc214d89964e5e884a7bb29b') in 0.006673 seconds
  Import took 0.010439 seconds .

========================================================================
Received Import Request.
  Time since last request: 0.000182 seconds.
  path: Packages/com.unity.render-pipelines.core/Runtime/Debugging/Prefabs/Widgets/DebugUI Vector2.prefab
  artifactKey: Guid(326f7c58aed965d41bf7805a782d1e44) Importer(815301076,1909f56bfc062723c751e8b465ee728b)
Start importing Packages/com.unity.render-pipelines.core/Runtime/Debugging/Prefabs/Widgets/DebugUI Vector2.prefab using Guid(326f7c58aed965d41bf7805a782d1e44) Importer(815301076,1909f56bfc062723c751e8b465ee728b)  -> (artifact id: '3a957a9ebaf1a3700164fa1a9b4f3853') in 0.019140 seconds
  Import took 0.022981 seconds .

========================================================================
Received Import Request.
  Time since last request: 0.000203 seconds.
  path: Packages/com.unity.render-pipelines.core/Runtime/Debugging/Prefabs/Widgets/DebugUI Toggle.prefab
  artifactKey: Guid(ce347ad101f41ee4ab5c3fbc0ea447db) Importer(815301076,1909f56bfc062723c751e8b465ee728b)
Start importing Packages/com.unity.render-pipelines.core/Runtime/Debugging/Prefabs/Widgets/DebugUI Toggle.prefab using Guid(ce347ad101f41ee4ab5c3fbc0ea447db) Importer(815301076,1909f56bfc062723c751e8b465ee728b)  -> (artifact id: '20015e5f3f1325c40c80abaee187870b') in 0.008125 seconds
  Import took 0.013301 seconds .

========================================================================
Received Import Request.
  Time since last request: 0.000218 seconds.
  path: Packages/com.unity.render-pipelines.core/Runtime/Debugging/Prefabs/Resources/DebugUI Persistent Canvas.prefab
  artifactKey: Guid(f6b1a0fe75d5009449cf55ae76220e2b) Importer(815301076,1909f56bfc062723c751e8b465ee728b)
Start importing Packages/com.unity.render-pipelines.core/Runtime/Debugging/Prefabs/Resources/DebugUI Persistent Canvas.prefab using Guid(f6b1a0fe75d5009449cf55ae76220e2b) Importer(815301076,1909f56bfc062723c751e8b465ee728b)  -> (artifact id: '36430e4d1fb0851eb65585ed81c05cfb') in 0.009492 seconds
  Import took 0.014663 seconds .

========================================================================
Received Import Request.
  Time since last request: 0.000192 seconds.
  path: Packages/com.unity.render-pipelines.core/Runtime/Debugging/Prefabs/Widgets/DebugUI Vector3.prefab
  artifactKey: Guid(94afea5f242d72547979595ba963f335) Importer(815301076,1909f56bfc062723c751e8b465ee728b)
Start importing Packages/com.unity.render-pipelines.core/Runtime/Debugging/Prefabs/Widgets/DebugUI Vector3.prefab using Guid(94afea5f242d72547979595ba963f335) Importer(815301076,1909f56bfc062723c751e8b465ee728b)  -> (artifact id: 'c9435598fabbd92d3a2d49304f4e8ac3') in 0.009592 seconds
  Import took 0.014567 seconds .

========================================================================
Received Import Request.
  Time since last request: 0.000195 seconds.
  path: Packages/com.unity.render-pipelines.core/Runtime/Debugging/Prefabs/Widgets/DebugUI HBox.prefab
  artifactKey: Guid(f7f5e36797cf0c1408561665c67b179b) Importer(815301076,1909f56bfc062723c751e8b465ee728b)
Start importing Packages/com.unity.render-pipelines.core/Runtime/Debugging/Prefabs/Widgets/DebugUI HBox.prefab using Guid(f7f5e36797cf0c1408561665c67b179b) Importer(815301076,1909f56bfc062723c751e8b465ee728b)  -> (artifact id: '687af0bdd86ae51214be93e376bae309') in 0.008662 seconds
  Import took 0.013071 seconds .

========================================================================
Received Import Request.
  Time since last request: 0.000177 seconds.
  path: Packages/com.unity.searcher/Editor/Resources/FlatSkin/Font/Roboto-Italic.ttf
  artifactKey: Guid(c839255fc8f6b4b4d90bf8c1af9f9bd1) Importer(815301076,1909f56bfc062723c751e8b465ee728b)
Start importing Packages/com.unity.searcher/Editor/Resources/FlatSkin/Font/Roboto-Italic.ttf using Guid(c839255fc8f6b4b4d90bf8c1af9f9bd1) Importer(815301076,1909f56bfc062723c751e8b465ee728b)  -> (artifact id: '20ce499990b4d2c5bf55bce310e0a905') in 0.057737 seconds
  Import took 0.061911 seconds .

========================================================================
Received Import Request.
  Time since last request: 0.000178 seconds.
  path: Packages/com.unity.render-pipelines.core/Runtime/Debugging/Prefabs/Widgets/DebugUI Color.prefab
  artifactKey: Guid(77c185820dd1a464eac89cae3abccddf) Importer(815301076,1909f56bfc062723c751e8b465ee728b)
Start importing Packages/com.unity.render-pipelines.core/Runtime/Debugging/Prefabs/Widgets/DebugUI Color.prefab using Guid(77c185820dd1a464eac89cae3abccddf) Importer(815301076,1909f56bfc062723c751e8b465ee728b)  -> (artifact id: '2fcb9b48faba0f1e06833c4b5b5f9595') in 0.011488 seconds
  Import took 0.016692 seconds .

========================================================================
Received Import Request.
  Time since last request: 0.000189 seconds.
  path: Packages/com.unity.render-pipelines.core/Runtime/Debugging/Prefabs/Widgets/DebugUI Value.prefab
  artifactKey: Guid(dc0f88987826e6e48b1fe9c7c2b53a53) Importer(815301076,1909f56bfc062723c751e8b465ee728b)
Start importing Packages/com.unity.render-pipelines.core/Runtime/Debugging/Prefabs/Widgets/DebugUI Value.prefab using Guid(dc0f88987826e6e48b1fe9c7c2b53a53) Importer(815301076,1909f56bfc062723c751e8b465ee728b)  -> (artifact id: '857768c73d8cc679af239d2f5df5ee84') in 0.007933 seconds
  Import took 0.012979 seconds .

========================================================================
Received Import Request.
  Time since last request: 0.000175 seconds.
  path: Packages/com.unity.render-pipelines.core/Runtime/Debugging/Prefabs/Widgets/DebugUI Vector4.prefab
  artifactKey: Guid(d47f009476100f545971a81ede14c750) Importer(815301076,1909f56bfc062723c751e8b465ee728b)
Start importing Packages/com.unity.render-pipelines.core/Runtime/Debugging/Prefabs/Widgets/DebugUI Vector4.prefab using Guid(d47f009476100f545971a81ede14c750) Importer(815301076,1909f56bfc062723c751e8b465ee728b)  -> (artifact id: '05ff2f6d40bcea0cafb0110dc90c693b') in 0.009276 seconds
  Import took 0.013523 seconds .

========================================================================
Received Import Request.
  Time since last request: 0.000161 seconds.
  path: Packages/com.unity.render-pipelines.core/Runtime/Debugging/Prefabs/Widgets/DebugUI IntField.prefab
  artifactKey: Guid(ae00bb75e0cd5b04b8fe7fb4ab662629) Importer(815301076,1909f56bfc062723c751e8b465ee728b)
Start importing Packages/com.unity.render-pipelines.core/Runtime/Debugging/Prefabs/Widgets/DebugUI IntField.prefab using Guid(ae00bb75e0cd5b04b8fe7fb4ab662629) Importer(815301076,1909f56bfc062723c751e8b465ee728b)  -> (artifact id: '3128baeaa3342d7ef49a14fc48671026') in 0.009426 seconds
  Import took 0.014046 seconds .

========================================================================
Received Import Request.
  Time since last request: 0.000182 seconds.
  path: Packages/com.unity.render-pipelines.core/Runtime/Debugging/Prefabs/Widgets/DebugUI FloatField.prefab
  artifactKey: Guid(7d4fd3415ea7dd64bbcfe13fb48a730b) Importer(815301076,1909f56bfc062723c751e8b465ee728b)
Start importing Packages/com.unity.render-pipelines.core/Runtime/Debugging/Prefabs/Widgets/DebugUI FloatField.prefab using Guid(7d4fd3415ea7dd64bbcfe13fb48a730b) Importer(815301076,1909f56bfc062723c751e8b465ee728b)  -> (artifact id: '1e3839de3d95bc45b99d988597ea6ba2') in 0.009033 seconds
  Import took 0.013202 seconds .

========================================================================
Received Import Request.
  Time since last request: 0.000164 seconds.
  path: Packages/com.unity.render-pipelines.core/Runtime/Debugging/Prefabs/Widgets/DebugUI VBox.prefab
  artifactKey: Guid(ca3e294656861a64b8aeeb9f916da0a9) Importer(815301076,1909f56bfc062723c751e8b465ee728b)
Start importing Packages/com.unity.render-pipelines.core/Runtime/Debugging/Prefabs/Widgets/DebugUI VBox.prefab using Guid(ca3e294656861a64b8aeeb9f916da0a9) Importer(815301076,1909f56bfc062723c751e8b465ee728b)  -> (artifact id: 'ddf510a48373066f5f25594ede94ea9e') in 0.007850 seconds
  Import took 0.012363 seconds .

========================================================================
Received Import Request.
  Time since last request: 0.000195 seconds.
  path: Packages/com.unity.searcher/Editor/Resources/FlatSkin/Font/Roboto-Medium.ttf
  artifactKey: Guid(a51a3aebb43ac044989270407476b208) Importer(815301076,1909f56bfc062723c751e8b465ee728b)
Start importing Packages/com.unity.searcher/Editor/Resources/FlatSkin/Font/Roboto-Medium.ttf using Guid(a51a3aebb43ac044989270407476b208) Importer(815301076,1909f56bfc062723c751e8b465ee728b)  -> (artifact id: '33840a0a22c717a03f541adf9a355faf') in 0.042447 seconds
  Import took 0.047140 seconds .

========================================================================
Received Import Request.
  Time since last request: 0.000202 seconds.
  path: Packages/com.unity.render-pipelines.core/Runtime/Debugging/Prefabs/Resources/DebugUI Canvas.prefab
  artifactKey: Guid(cf6cbdd672089a84796e55a21fed1cbe) Importer(815301076,1909f56bfc062723c751e8b465ee728b)
Start importing Packages/com.unity.render-pipelines.core/Runtime/Debugging/Prefabs/Resources/DebugUI Canvas.prefab using Guid(cf6cbdd672089a84796e55a21fed1cbe) Importer(815301076,1909f56bfc062723c751e8b465ee728b)  -> (artifact id: '9b9508115a2863973d57618a5990a1d7') in 0.030014 seconds
  Import took 0.036607 seconds .

========================================================================
Received Import Request.
  Time since last request: 0.000187 seconds.
  path: Packages/com.unity.searcher/Editor/Resources/FlatSkin/Font/Roboto-Light.ttf
  artifactKey: Guid(2a29e27936eb547458f646f71125b264) Importer(815301076,1909f56bfc062723c751e8b465ee728b)
Start importing Packages/com.unity.searcher/Editor/Resources/FlatSkin/Font/Roboto-Light.ttf using Guid(2a29e27936eb547458f646f71125b264) Importer(815301076,1909f56bfc062723c751e8b465ee728b)  -> (artifact id: '6f7173af788b202e848d0db6a1b4f30b') in 0.019502 seconds
  Import took 0.024143 seconds .

========================================================================
Received Import Request.
  Time since last request: 0.000187 seconds.
  path: Packages/com.unity.searcher/Editor/Resources/FlatSkin/Font/Roboto-LightItalic.ttf
  artifactKey: Guid(5e63515167650a541b309ba3bfd4db3d) Importer(815301076,1909f56bfc062723c751e8b465ee728b)
Start importing Packages/com.unity.searcher/Editor/Resources/FlatSkin/Font/Roboto-LightItalic.ttf using Guid(5e63515167650a541b309ba3bfd4db3d) Importer(815301076,1909f56bfc062723c751e8b465ee728b)  -> (artifact id: 'f0cc9b4c0112842f5d2c0d96160b0c56') in 0.039358 seconds
  Import took 0.044165 seconds .

========================================================================
Received Import Request.
  Time since last request: 16.937251 seconds.
  path: Assets/SharkInfo.asset
  artifactKey: Guid(ea10535701657194cb968652e14587ea) Importer(815301076,1909f56bfc062723c751e8b465ee728b)
Start importing Assets/SharkInfo.asset using Guid(ea10535701657194cb968652e14587ea) Importer(815301076,1909f56bfc062723c751e8b465ee728b)  -> (artifact id: '0c425c5673710036c16e9fb91876d9a9') in 0.007498 seconds
  Import took 0.011329 seconds .

========================================================================
Received Import Request.
  Time since last request: 0.000197 seconds.
  path: Packages/com.unity.collab-proxy/Editor/Assets/Icons/status-info-dark@2x.png
  artifactKey: Guid(eba49403f5934c74b8114ead5f397592) Importer(815301076,1909f56bfc062723c751e8b465ee728b)
Start importing Packages/com.unity.collab-proxy/Editor/Assets/Icons/status-info-dark@2x.png using Guid(eba49403f5934c74b8114ead5f397592) Importer(815301076,1909f56bfc062723c751e8b465ee728b)  -> (artifact id: 'a4f2b01d40f2da25b58dd097c93f65fa') in 0.054469 seconds
  Import took 0.058492 seconds .

========================================================================
Received Import Request.
  Time since last request: 0.000249 seconds.
  path: Packages/com.unity.collab-proxy/Editor/Assets/Icons/status-info-dark.png
  artifactKey: Guid(fa1ff86f20525894b9bd92f1b1909ccf) Importer(815301076,1909f56bfc062723c751e8b465ee728b)
Start importing Packages/com.unity.collab-proxy/Editor/Assets/Icons/status-info-dark.png using Guid(fa1ff86f20525894b9bd92f1b1909ccf) Importer(815301076,1909f56bfc062723c751e8b465ee728b)  -> (artifact id: 'ecaafce6a72845f09adf01e707954754') in 0.026330 seconds
  Import took 0.048174 seconds .

========================================================================
Received Import Request.
  Time since last request: 0.000193 seconds.
  path: Packages/com.unity.collab-proxy/Editor/Assets/Icons/status-info-light@2x.png
  artifactKey: Guid(e7a0d3e65a5b4ab4db5ba97e4fc06f99) Importer(815301076,1909f56bfc062723c751e8b465ee728b)
Start importing Packages/com.unity.collab-proxy/Editor/Assets/Icons/status-info-light@2x.png using Guid(e7a0d3e65a5b4ab4db5ba97e4fc06f99) Importer(815301076,1909f56bfc062723c751e8b465ee728b)  -> (artifact id: '08465099d761cfec853f4eaaae400bd2') in 0.061394 seconds
  Import took 0.065021 seconds .

========================================================================
Received Import Request.
  Time since last request: 0.000201 seconds.
  path: Packages/com.unity.collab-proxy/Editor/Assets/Icons/status-info-light.png
  artifactKey: Guid(34b3e61f975861a4cba8efcb5f6f05ea) Importer(815301076,1909f56bfc062723c751e8b465ee728b)
Start importing Packages/com.unity.collab-proxy/Editor/Assets/Icons/status-info-light.png using Guid(34b3e61f975861a4cba8efcb5f6f05ea) Importer(815301076,1909f56bfc062723c751e8b465ee728b)  -> (artifact id: '46a5c00f73e069b51e1c646d17f51c2c') in 0.046107 seconds
  Import took 0.049578 seconds .

========================================================================
Received Prepare
Shader 'Universal Render Pipeline/Particles/Lit': fallback shader 'Universal Render Pipeline/Particles/SimpleLit' not found
Refreshing native plugins compatible for Editor in 0.92 ms, found 0 plugins.
Preloading 0 native plugins for Editor in 0.00 ms.
Unloading 4 Unused Serialized files (Serialized files now loaded: 0)
System memory in use before: 71.3 MB.
System memory in use after: 71.6 MB.

Unloading 5 unused Assets to reduce memory usage. Loaded Objects now: 2978.
Total: 2.710100 ms (FindLiveObjects: 0.258800 ms CreateObjectMapping: 0.090800 ms MarkObjects: 2.320100 ms  DeleteObjects: 0.039500 ms)

========================================================================
Received Import Request.
  Time since last request: 81.893403 seconds.
  path: Assets/GroundAtlas.png
  artifactKey: Guid(8820b7ae655e36c47adfd9d504fc2dcb) Importer(815301076,1909f56bfc062723c751e8b465ee728b)
Start importing Assets/GroundAtlas.png using Guid(8820b7ae655e36c47adfd9d504fc2dcb) Importer(815301076,1909f56bfc062723c751e8b465ee728b)  -> (artifact id: '9eacb07cdb2ef58f9048b85e8e657b9e') in 0.017170 seconds
  Import took 0.022618 seconds .

========================================================================
Received Import Request.
  Time since last request: 0.000264 seconds.
  path: Assets/UniversalRenderPipelineAsset.asset
  artifactKey: Guid(495013817359e824483c5ba00302d481) Importer(815301076,1909f56bfc062723c751e8b465ee728b)
Start importing Assets/UniversalRenderPipelineAsset.asset using Guid(495013817359e824483c5ba00302d481) Importer(815301076,1909f56bfc062723c751e8b465ee728b)  -> (artifact id: '5319bc5942ab6bf97a98becf40c2419a') in 0.008362 seconds
  Import took 0.013669 seconds .

========================================================================
Received Import Request.
  Time since last request: 0.000196 seconds.
  path: Assets/UniversalRenderPipelineAsset_Renderer.asset
  artifactKey: Guid(28063949aaa467b459e7fd5718dd7394) Importer(815301076,1909f56bfc062723c751e8b465ee728b)
Start importing Assets/UniversalRenderPipelineAsset_Renderer.asset using Guid(28063949aaa467b459e7fd5718dd7394) Importer(815301076,1909f56bfc062723c751e8b465ee728b)  -> (artifact id: '2326d50b315e24834b4d79672eba7a2f') in 0.007212 seconds
  Import took 0.011303 seconds .

========================================================================
Received Import Request.
  Time since last request: 0.000204 seconds.
  path: Assets/GroundAtlas.png
  artifactKey: Guid(8820b7ae655e36c47adfd9d504fc2dcb) Importer(815301076,1909f56bfc062723c751e8b465ee728b)
Start importing Assets/GroundAtlas.png using Guid(8820b7ae655e36c47adfd9d504fc2dcb) Importer(815301076,1909f56bfc062723c751e8b465ee728b)  -> (artifact id: '9eacb07cdb2ef58f9048b85e8e657b9e') in 0.004951 seconds
  Import took 0.008898 seconds .

========================================================================
Received Import Request.
  Time since last request: 0.000191 seconds.
  path: Assets/Test.asset
  artifactKey: Guid(c19ea06aff7836f4082e0d21e28c5510) Importer(815301076,1909f56bfc062723c751e8b465ee728b)
Start importing Assets/Test.asset using Guid(c19ea06aff7836f4082e0d21e28c5510) Importer(815301076,1909f56bfc062723c751e8b465ee728b)  -> (artifact id: 'ffe5748a77f06082199e65bbaa3ca18c') in 0.006443 seconds
  Import took 0.010705 seconds .

========================================================================
Received Prepare
Registering precompiled user dll's ...
Registered in 0.001007 seconds.
Begin MonoManager ReloadAssembly
Native extension for WindowsStandalone target not found
Refreshing native plugins compatible for Editor in 0.43 ms, found 0 plugins.
Preloading 0 native plugins for Editor in 0.00 ms.
Invoked RoslynAnalysisRunner static constructor.
RoslynAnalysisRunner will not be running.
RoslynAnalysisRunner has terminated.
Mono: successfully reloaded assembly
- Completed reload, in  0.867 seconds
Platform modules already initialized, skipping
Shader 'Universal Render Pipeline/Particles/Lit': fallback shader 'Universal Render Pipeline/Particles/SimpleLit' not found
Refreshing native plugins compatible for Editor in 0.44 ms, found 0 plugins.
Preloading 0 native plugins for Editor in 0.00 ms.
Unloading 2299 Unused Serialized files (Serialized files now loaded: 0)
System memory in use before: 115.2 MB.
System memory in use after: 115.5 MB.

Unloading 5 unused Assets to reduce memory usage. Loaded Objects now: 2956.
Total: 2.203700 ms (FindLiveObjects: 0.246800 ms CreateObjectMapping: 0.088500 ms MarkObjects: 1.852100 ms  DeleteObjects: 0.015300 ms)

========================================================================
Received Import Request.
  Time since last request: 100.331033 seconds.
  path: Assets/SharkInfo.asset
  artifactKey: Guid(ea10535701657194cb968652e14587ea) Importer(815301076,1909f56bfc062723c751e8b465ee728b)
Start importing Assets/SharkInfo.asset using Guid(ea10535701657194cb968652e14587ea) Importer(815301076,1909f56bfc062723c751e8b465ee728b)  -> (artifact id: '74a379dcd28148a9dceadac858087aea') in 0.013344 seconds
  Import took 0.017456 seconds .

========================================================================
Received Prepare
Registering precompiled user dll's ...
Registered in 0.000964 seconds.
Begin MonoManager ReloadAssembly
Native extension for WindowsStandalone target not found
Refreshing native plugins compatible for Editor in 0.41 ms, found 0 plugins.
Preloading 0 native plugins for Editor in 0.00 ms.
Invoked RoslynAnalysisRunner static constructor.
RoslynAnalysisRunner will not be running.
RoslynAnalysisRunner has terminated.
Mono: successfully reloaded assembly
- Completed reload, in  0.867 seconds
Platform modules already initialized, skipping
Shader 'Universal Render Pipeline/Particles/Lit': fallback shader 'Universal Render Pipeline/Particles/SimpleLit' not found
Refreshing native plugins compatible for Editor in 0.47 ms, found 0 plugins.
Preloading 0 native plugins for Editor in 0.00 ms.
Unloading 2297 Unused Serialized files (Serialized files now loaded: 0)
System memory in use before: 115.2 MB.
System memory in use after: 115.5 MB.

Unloading 5 unused Assets to reduce memory usage. Loaded Objects now: 2958.
Total: 2.415400 ms (FindLiveObjects: 0.392300 ms CreateObjectMapping: 0.105300 ms MarkObjects: 1.900500 ms  DeleteObjects: 0.015800 ms)

========================================================================
Received Import Request.
  Time since last request: 22.047682 seconds.
  path: Assets/SharkInfo.asset
  artifactKey: Guid(ea10535701657194cb968652e14587ea) Importer(815301076,1909f56bfc062723c751e8b465ee728b)
Start importing Assets/SharkInfo.asset using Guid(ea10535701657194cb968652e14587ea) Importer(815301076,1909f56bfc062723c751e8b465ee728b)  -> (artifact id: 'd453bddc63fa02b443d96f0c7de6abbf') in 0.018850 seconds
  Import took 0.023838 seconds .

========================================================================
Received Import Request.
  Time since last request: 1.608466 seconds.
  path: Assets/SharkInfo.asset
  artifactKey: Guid(ea10535701657194cb968652e14587ea) Importer(815301076,1909f56bfc062723c751e8b465ee728b)
Start importing Assets/SharkInfo.asset using Guid(ea10535701657194cb968652e14587ea) Importer(815301076,1909f56bfc062723c751e8b465ee728b)  -> (artifact id: 'd453bddc63fa02b443d96f0c7de6abbf') in 0.002360 seconds
  Import took 0.007820 seconds .

