Using pre-set license
Built from '2020.2/release' branch; Version is '2020.2.2f1 (068178b99f32) revision 426360'; Using compiler version '192528614'; Build Type 'Release'
OS: 'Windows 10 Home; OS build 19041.928; Version 2004; 64bit' Language: 'en' Physical Memory: 32655 MB
BatchMode: 1, IsHumanControllingUs: 0, StartBugReporterOnCrash: 0, Is64bit: 1, IsPro: 0

 COMMAND LINE ARGUMENTS:
C:\Program Files\Unity\Hub\Editor\2020.2.2f1\Editor\Unity.exe
-adb2
-batchMode
-noUpm
-name
AssetImportWorker0
-projectPath
E:/Unity/3D/Fish
-logFile
Logs/AssetImportWorker0.log
-srvPort
51189
Successfully changed project path to: E:/Unity/3D/Fish
E:/Unity/3D/Fish
Using Asset Import Pipeline V2.
Refreshing native plugins compatible for Editor in 38.22 ms, found 0 plugins.
Preloading 0 native plugins for Editor in 0.00 ms.
Initialize engine version: 2020.2.2f1 (068178b99f32)
[Subsystems] Discovering subsystems at path C:/Program Files/Unity/Hub/Editor/2020.2.2f1/Editor/Data/Resources/UnitySubsystems
[Subsystems] Discovering subsystems at path E:/Unity/3D/Fish/Assets
GfxDevice: creating device client; threaded=0
Direct3D:
    Version:  Direct3D 11.0 [level 11.1]
    Renderer: NVIDIA GeForce GTX 1080 (ID=0x1b80)
    Vendor:   
    VRAM:     8079 MB
    Driver:   26.21.14.4587
Initialize mono
Mono path[0] = 'C:/Program Files/Unity/Hub/Editor/2020.2.2f1/Editor/Data/Managed'
Mono path[1] = 'C:/Program Files/Unity/Hub/Editor/2020.2.2f1/Editor/Data/MonoBleedingEdge/lib/mono/unityjit'
Mono config path = 'C:/Program Files/Unity/Hub/Editor/2020.2.2f1/Editor/Data/MonoBleedingEdge/etc'
Using monoOptions --debugger-agent=transport=dt_socket,embedding=1,server=y,suspend=n,address=127.0.0.1:56316
Begin MonoManager ReloadAssembly
Registering precompiled unity dll's ...
Register platform support module: C:/Program Files/Unity/Hub/Editor/2020.2.2f1/Editor/Data/PlaybackEngines/WebGLSupport/UnityEditor.WebGL.Extensions.dll
Register platform support module: C:/Program Files/Unity/Hub/Editor/2020.2.2f1/Editor/Data/PlaybackEngines/MacStandaloneSupport/UnityEditor.OSXStandalone.Extensions.dll
Register platform support module: C:/Program Files/Unity/Hub/Editor/2020.2.2f1/Editor/Data/PlaybackEngines/WindowsStandaloneSupport/UnityEditor.WindowsStandalone.Extensions.dll
Register platform support module: C:/Program Files/Unity/Hub/Editor/2020.2.2f1/Editor/Data/PlaybackEngines/LinuxStandaloneSupport/UnityEditor.LinuxStandalone.Extensions.dll
Registered in 0.003538 seconds.
Native extension for LinuxStandalone target not found
Native extension for WindowsStandalone target not found
Native extension for OSXStandalone target not found
Native extension for WebGL target not found
Refreshing native plugins compatible for Editor in 73.35 ms, found 0 plugins.
Preloading 0 native plugins for Editor in 0.00 ms.
Invoked RoslynAnalysisRunner static constructor.
RoslynAnalysisRunner will not be running.
RoslynAnalysisRunner has terminated.
Mono: successfully reloaded assembly
- Completed reload, in  1.433 seconds
Platform modules already initialized, skipping
Registering precompiled user dll's ...
Registered in 0.001125 seconds.
Begin MonoManager ReloadAssembly
Native extension for LinuxStandalone target not found
Native extension for WindowsStandalone target not found
Native extension for OSXStandalone target not found
Native extension for WebGL target not found
Refreshing native plugins compatible for Editor in 69.16 ms, found 0 plugins.
Preloading 0 native plugins for Editor in 0.00 ms.
Invoked RoslynAnalysisRunner static constructor.
RoslynAnalysisRunner will not be running.
RoslynAnalysisRunner has terminated.
Mono: successfully reloaded assembly
- Completed reload, in  1.420 seconds
Platform modules already initialized, skipping
========================================================================
Worker process is ready to serve import requests
Shader 'Universal Render Pipeline/Particles/Lit': fallback shader 'Universal Render Pipeline/Particles/SimpleLit' not found
Shader 'Universal Render Pipeline/Particles/Lit': fallback shader 'Universal Render Pipeline/Particles/SimpleLit' not found
Launched and connected shader compiler UnityShaderCompiler.exe after 0.06 seconds
Refreshing native plugins compatible for Editor in 0.67 ms, found 0 plugins.
Preloading 0 native plugins for Editor in 0.00 ms.
Unloading 2414 Unused Serialized files (Serialized files now loaded: 0)
System memory in use before: 113.8 MB.
System memory in use after: 112.0 MB.

Unloading 42 unused Assets to reduce memory usage. Loaded Objects now: 2827.
Total: 5.569000 ms (FindLiveObjects: 0.511100 ms CreateObjectMapping: 0.193800 ms MarkObjects: 2.805400 ms  DeleteObjects: 2.056400 ms)

========================================================================
Received Import Request.
  path: Assets/Scripts/Map/Chunk.cs
  artifactKey: Guid(6f1cbd5fe22d5d14d8c3ef7fad07edf9) Importer(815301076,1909f56bfc062723c751e8b465ee728b)
Start importing Assets/Scripts/Map/Chunk.cs using Guid(6f1cbd5fe22d5d14d8c3ef7fad07edf9) Importer(815301076,1909f56bfc062723c751e8b465ee728b)  -> (artifact id: '654e18855bec33b1df8aca882dd0ea5a') in 0.040752 seconds
  Import took 0.045594 seconds .

========================================================================
Received Prepare
Registering precompiled user dll's ...
Registered in 0.000879 seconds.
Begin MonoManager ReloadAssembly
Native extension for LinuxStandalone target not found
Native extension for WindowsStandalone target not found
Native extension for OSXStandalone target not found
Native extension for WebGL target not found
Refreshing native plugins compatible for Editor in 0.36 ms, found 0 plugins.
Preloading 0 native plugins for Editor in 0.00 ms.
Invoked RoslynAnalysisRunner static constructor.
RoslynAnalysisRunner will not be running.
RoslynAnalysisRunner has terminated.
Mono: successfully reloaded assembly
- Completed reload, in  0.790 seconds
Platform modules already initialized, skipping
Shader 'Universal Render Pipeline/Particles/Lit': fallback shader 'Universal Render Pipeline/Particles/SimpleLit' not found
Shader 'Universal Render Pipeline/Particles/Lit': fallback shader 'Universal Render Pipeline/Particles/SimpleLit' not found
Refreshing native plugins compatible for Editor in 0.36 ms, found 0 plugins.
Preloading 0 native plugins for Editor in 0.00 ms.
Unloading 2335 Unused Serialized files (Serialized files now loaded: 0)
System memory in use before: 111.4 MB.
System memory in use after: 109.6 MB.

Unloading 37 unused Assets to reduce memory usage. Loaded Objects now: 2829.
Total: 2.948500 ms (FindLiveObjects: 0.241200 ms CreateObjectMapping: 0.141500 ms MarkObjects: 1.597500 ms  DeleteObjects: 0.967300 ms)

========================================================================
Received Import Request.
  Time since last request: 156.766306 seconds.
  path: Assets/Scripts/Map/Chunk.cs
  artifactKey: Guid(6f1cbd5fe22d5d14d8c3ef7fad07edf9) Importer(815301076,1909f56bfc062723c751e8b465ee728b)
Start importing Assets/Scripts/Map/Chunk.cs using Guid(6f1cbd5fe22d5d14d8c3ef7fad07edf9) Importer(815301076,1909f56bfc062723c751e8b465ee728b)  -> (artifact id: 'ac90da9b2bd6510e3f7437dad6c95cb1') in 0.003923 seconds
  Import took 0.007789 seconds .

========================================================================
Received Import Request.
  Time since last request: 18.217674 seconds.
  path: Assets/Scripts/Map/Chunk.cs
  artifactKey: Guid(6f1cbd5fe22d5d14d8c3ef7fad07edf9) Importer(815301076,1909f56bfc062723c751e8b465ee728b)
Start importing Assets/Scripts/Map/Chunk.cs using Guid(6f1cbd5fe22d5d14d8c3ef7fad07edf9) Importer(815301076,1909f56bfc062723c751e8b465ee728b)  -> (artifact id: 'ac90da9b2bd6510e3f7437dad6c95cb1') in 0.001586 seconds
  Import took 0.005356 seconds .

========================================================================
Received Prepare
Registering precompiled user dll's ...
Registered in 0.000917 seconds.
Begin MonoManager ReloadAssembly
Native extension for LinuxStandalone target not found
Native extension for WindowsStandalone target not found
Native extension for OSXStandalone target not found
Native extension for WebGL target not found
Refreshing native plugins compatible for Editor in 0.42 ms, found 0 plugins.
Preloading 0 native plugins for Editor in 0.00 ms.
Invoked RoslynAnalysisRunner static constructor.
RoslynAnalysisRunner will not be running.
RoslynAnalysisRunner has terminated.
Mono: successfully reloaded assembly
- Completed reload, in  0.742 seconds
Platform modules already initialized, skipping
Shader 'Universal Render Pipeline/Particles/Lit': fallback shader 'Universal Render Pipeline/Particles/SimpleLit' not found
Shader 'Universal Render Pipeline/Particles/Lit': fallback shader 'Universal Render Pipeline/Particles/SimpleLit' not found
Refreshing native plugins compatible for Editor in 0.37 ms, found 0 plugins.
Preloading 0 native plugins for Editor in 0.00 ms.
Unloading 2335 Unused Serialized files (Serialized files now loaded: 0)
System memory in use before: 111.4 MB.
System memory in use after: 109.7 MB.

Unloading 37 unused Assets to reduce memory usage. Loaded Objects now: 2831.
Total: 2.966900 ms (FindLiveObjects: 0.245200 ms CreateObjectMapping: 0.121900 ms MarkObjects: 1.568400 ms  DeleteObjects: 1.030400 ms)

========================================================================
Received Prepare
Registering precompiled user dll's ...
Registered in 0.080791 seconds.
Begin MonoManager ReloadAssembly
Native extension for LinuxStandalone target not found
Native extension for WindowsStandalone target not found
Native extension for OSXStandalone target not found
Native extension for WebGL target not found
Refreshing native plugins compatible for Editor in 0.36 ms, found 0 plugins.
Preloading 0 native plugins for Editor in 0.00 ms.
Invoked RoslynAnalysisRunner static constructor.
RoslynAnalysisRunner will not be running.
RoslynAnalysisRunner has terminated.
Mono: successfully reloaded assembly
- Completed reload, in  4.280 seconds
Platform modules already initialized, skipping
Shader 'Universal Render Pipeline/Particles/Lit': fallback shader 'Universal Render Pipeline/Particles/SimpleLit' not found
Shader 'Universal Render Pipeline/Particles/Lit': fallback shader 'Universal Render Pipeline/Particles/SimpleLit' not found
Refreshing native plugins compatible for Editor in 0.37 ms, found 0 plugins.
Preloading 0 native plugins for Editor in 0.00 ms.
Unloading 2335 Unused Serialized files (Serialized files now loaded: 0)
System memory in use before: 111.5 MB.
System memory in use after: 109.7 MB.

Unloading 37 unused Assets to reduce memory usage. Loaded Objects now: 2833.
Total: 3.015100 ms (FindLiveObjects: 0.244400 ms CreateObjectMapping: 0.113200 ms MarkObjects: 1.611600 ms  DeleteObjects: 1.044900 ms)

========================================================================
Received Import Request.
  Time since last request: 81957.832527 seconds.
  path: Assets/URP Examples/Shaders/StandardBlockShader.shader
  artifactKey: Guid(ecbaffe95fe5fd14d9123cc41c96cfa6) Importer(815301076,1909f56bfc062723c751e8b465ee728b)
Start importing Assets/URP Examples/Shaders/StandardBlockShader.shader using Guid(ecbaffe95fe5fd14d9123cc41c96cfa6) Importer(815301076,1909f56bfc062723c751e8b465ee728b)  -> (artifact id: 'd0647d2d5f571797ad5b875181939647') in 0.021353 seconds
  Import took 0.025461 seconds .

========================================================================
Received Import Request.
  Time since last request: 11.726507 seconds.
  path: Assets/URP Examples/Presets/AudioCompressedInMemory.preset
  artifactKey: Guid(2dd802e4d37c65149922028d3e973832) Importer(815301076,1909f56bfc062723c751e8b465ee728b)
Start importing Assets/URP Examples/Presets/AudioCompressedInMemory.preset using Guid(2dd802e4d37c65149922028d3e973832) Importer(815301076,1909f56bfc062723c751e8b465ee728b)  -> (artifact id: '3954cc6f63e1531f9b28df449cc14a15') in 0.015331 seconds
  Import took 0.020252 seconds .

========================================================================
Received Import Request.
  Time since last request: 0.000193 seconds.
  path: Assets/URP Examples/Presets/AudioStreaming.preset
  artifactKey: Guid(86bcce7f5575b54408aa0f3a7d321039) Importer(815301076,1909f56bfc062723c751e8b465ee728b)
Start importing Assets/URP Examples/Presets/AudioStreaming.preset using Guid(86bcce7f5575b54408aa0f3a7d321039) Importer(815301076,1909f56bfc062723c751e8b465ee728b)  -> (artifact id: '34b69dc202892b483fb3acf4e409047d') in 0.015397 seconds
  Import took 0.020772 seconds .

========================================================================
Received Import Request.
  Time since last request: 0.000202 seconds.
  path: Assets/URP Examples/Presets/NormalTexture.preset
  artifactKey: Guid(14a57cf3b9fa1c74b884aa7e0dcf1faa) Importer(815301076,1909f56bfc062723c751e8b465ee728b)
Start importing Assets/URP Examples/Presets/NormalTexture.preset using Guid(14a57cf3b9fa1c74b884aa7e0dcf1faa) Importer(815301076,1909f56bfc062723c751e8b465ee728b)  -> (artifact id: 'cb2d0667f503c7ca32a114c57c7500fc') in 0.016758 seconds
  Import took 0.021331 seconds .

========================================================================
Received Import Request.
  Time since last request: 0.000167 seconds.
  path: Assets/URP Examples/Presets/UtilityTexture.preset
  artifactKey: Guid(45f7b2e3c78185248b3adbb14429c2ab) Importer(815301076,1909f56bfc062723c751e8b465ee728b)
Start importing Assets/URP Examples/Presets/UtilityTexture.preset using Guid(45f7b2e3c78185248b3adbb14429c2ab) Importer(815301076,1909f56bfc062723c751e8b465ee728b)  -> (artifact id: '0f48291c0132b3e3dd92b3ef10dd4113') in 0.015720 seconds
  Import took 0.020001 seconds .

========================================================================
Received Import Request.
  Time since last request: 0.805160 seconds.
  path: Assets/URP Examples/Presets/Defaults
  artifactKey: Guid(71ea82b02df99c2439e0dc8e4e1ebc24) Importer(815301076,1909f56bfc062723c751e8b465ee728b)
Start importing Assets/URP Examples/Presets/Defaults using Guid(71ea82b02df99c2439e0dc8e4e1ebc24) Importer(815301076,1909f56bfc062723c751e8b465ee728b)  -> (artifact id: '383ba286124a06c94b913721d5e48a28') in 0.007884 seconds
  Import took 0.016885 seconds .

========================================================================
Received Import Request.
  Time since last request: 0.120458 seconds.
  path: Assets/URP Examples/Presets/Defaults/AlbedoTexture_Default.preset
  artifactKey: Guid(e8537455c6c08bd4e8bf0be3707da685) Importer(815301076,1909f56bfc062723c751e8b465ee728b)
Start importing Assets/URP Examples/Presets/Defaults/AlbedoTexture_Default.preset using Guid(e8537455c6c08bd4e8bf0be3707da685) Importer(815301076,1909f56bfc062723c751e8b465ee728b)  -> (artifact id: '81ee8515120f9f05d4940ebb4dac506a') in 0.011289 seconds
  Import took 0.015122 seconds .

========================================================================
Received Import Request.
  Time since last request: 0.000214 seconds.
  path: Assets/URP Examples/Presets/Defaults/AudioDecompressOnLoad.preset
  artifactKey: Guid(e7689051185d12f4298e1ebb2693a29f) Importer(815301076,1909f56bfc062723c751e8b465ee728b)
Start importing Assets/URP Examples/Presets/Defaults/AudioDecompressOnLoad.preset using Guid(e7689051185d12f4298e1ebb2693a29f) Importer(815301076,1909f56bfc062723c751e8b465ee728b)  -> (artifact id: '3632d377b47e64377ddc2ead0345e35d') in 0.011556 seconds
  Import took 0.015141 seconds .

========================================================================
Received Import Request.
  Time since last request: 0.000244 seconds.
  path: Assets/URP Examples/Presets/Defaults/DirectionalLight_Default.preset
  artifactKey: Guid(463065d4f17d1d94d848aa127b94dd43) Importer(815301076,1909f56bfc062723c751e8b465ee728b)
Start importing Assets/URP Examples/Presets/Defaults/DirectionalLight_Default.preset using Guid(463065d4f17d1d94d848aa127b94dd43) Importer(815301076,1909f56bfc062723c751e8b465ee728b)  -> (artifact id: 'e1b593985f058a1f87082201b98fa3b1') in 0.011433 seconds
  Import took 0.014966 seconds .

========================================================================
Received Import Request.
  Time since last request: 3.547272 seconds.
  path: Assets/URP Examples/Scripts/SimpleCameraController.cs
  artifactKey: Guid(be76e5f14cfee674cb30b491fb72b09b) Importer(815301076,1909f56bfc062723c751e8b465ee728b)
Start importing Assets/URP Examples/Scripts/SimpleCameraController.cs using Guid(be76e5f14cfee674cb30b491fb72b09b) Importer(815301076,1909f56bfc062723c751e8b465ee728b)  -> (artifact id: '693e0ea9ff0d53e2a2cbee9a2257e979') in 0.005418 seconds
  Import took 0.014392 seconds .

========================================================================
Received Import Request.
  Time since last request: 3.442574 seconds.
  path: Assets/URP Examples/ExampleAssets/Shaders
  artifactKey: Guid(eb6819cbd279a3941a65f1689b2f621e) Importer(815301076,1909f56bfc062723c751e8b465ee728b)
Start importing Assets/URP Examples/ExampleAssets/Shaders using Guid(eb6819cbd279a3941a65f1689b2f621e) Importer(815301076,1909f56bfc062723c751e8b465ee728b)  -> (artifact id: 'f38158fa54af2217b7210e9e696151bf') in 0.010695 seconds
  Import took 0.014646 seconds .

========================================================================
Received Import Request.
  Time since last request: 0.776386 seconds.
  path: Assets/URP Examples/ExampleAssets/Shaders/Paint1G_WAnim_Shader.ShaderGraph
  artifactKey: Guid(5e5eca56e1993e741b41ac9c687d01a5) Importer(815301076,1909f56bfc062723c751e8b465ee728b)
Start importing Assets/URP Examples/ExampleAssets/Shaders/Paint1G_WAnim_Shader.ShaderGraph using Guid(5e5eca56e1993e741b41ac9c687d01a5) Importer(815301076,1909f56bfc062723c751e8b465ee728b)  -> (artifact id: 'e24dfd0bda88a61f36d1962a4b0e96a9') in 0.006073 seconds
  Import took 0.009956 seconds .

========================================================================
Received Import Request.
  Time since last request: 0.572679 seconds.
  path: Assets/URP Examples/ExampleAssets/Shaders/Paint1G_WAnim_Shader.ShaderGraph
  artifactKey: Guid(5e5eca56e1993e741b41ac9c687d01a5) Importer(815301076,1909f56bfc062723c751e8b465ee728b)
Start importing Assets/URP Examples/ExampleAssets/Shaders/Paint1G_WAnim_Shader.ShaderGraph using Guid(5e5eca56e1993e741b41ac9c687d01a5) Importer(815301076,1909f56bfc062723c751e8b465ee728b)  -> (artifact id: 'e24dfd0bda88a61f36d1962a4b0e96a9') in 0.002342 seconds
  Import took 0.006634 seconds .

========================================================================
Received Prepare
Registering precompiled user dll's ...
Registered in 0.000879 seconds.
Begin MonoManager ReloadAssembly
Native extension for LinuxStandalone target not found
Native extension for WindowsStandalone target not found
Native extension for OSXStandalone target not found
Native extension for WebGL target not found
Refreshing native plugins compatible for Editor in 0.36 ms, found 0 plugins.
Preloading 0 native plugins for Editor in 0.00 ms.
Invoked RoslynAnalysisRunner static constructor.
RoslynAnalysisRunner will not be running.
RoslynAnalysisRunner has terminated.
Mono: successfully reloaded assembly
- Completed reload, in  0.726 seconds
Platform modules already initialized, skipping
Switching render pipeline 19ba41d7c0026c3459d37c2fe90c55a0 -> 00000000000000000000000000000000
Shader 'Universal Render Pipeline/Particles/Lit': fallback shader 'Universal Render Pipeline/Particles/SimpleLit' not found
Shader 'Universal Render Pipeline/Particles/Lit': fallback shader 'Universal Render Pipeline/Particles/SimpleLit' not found
Refreshing native plugins compatible for Editor in 0.35 ms, found 0 plugins.
Preloading 0 native plugins for Editor in 0.00 ms.
Unloading 2332 Unused Serialized files (Serialized files now loaded: 0)
System memory in use before: 111.4 MB.
System memory in use after: 109.6 MB.

Unloading 39 unused Assets to reduce memory usage. Loaded Objects now: 2833.
Total: 3.028700 ms (FindLiveObjects: 0.239200 ms CreateObjectMapping: 0.120500 ms MarkObjects: 1.624200 ms  DeleteObjects: 1.043900 ms)

========================================================================
Received Import Request.
  Time since last request: 13.769474 seconds.
  path: Assets/Scenes/SampleScene.unity
  artifactKey: Guid(d1c3109bdb54ad54c8a2b2838528e640) Importer(815301076,1909f56bfc062723c751e8b465ee728b)
Start importing Assets/Scenes/SampleScene.unity using Guid(d1c3109bdb54ad54c8a2b2838528e640) Importer(815301076,1909f56bfc062723c751e8b465ee728b)  -> (artifact id: '2e92e4db1ba7d79e6c18e1c56d4bc2e1') in 0.017135 seconds
  Import took 0.020840 seconds .

========================================================================
Received Import Request.
  Time since last request: 3.753329 seconds.
  path: Assets/Scenes/SampleSceneLightingSettings.lighting
  artifactKey: Guid(477cc4148fad3449482a3bc3178594e2) Importer(815301076,1909f56bfc062723c751e8b465ee728b)
Start importing Assets/Scenes/SampleSceneLightingSettings.lighting using Guid(477cc4148fad3449482a3bc3178594e2) Importer(815301076,1909f56bfc062723c751e8b465ee728b)  -> (artifact id: 'd74f70026d9f3d663291c35b72127a03') in 0.006430 seconds
  Import took 0.014719 seconds .

========================================================================
Received Import Request.
  Time since last request: 0.016479 seconds.
  path: Assets/Scenes/SampleSceneLightingSettings.lighting
  artifactKey: Guid(477cc4148fad3449482a3bc3178594e2) Importer(815301076,1909f56bfc062723c751e8b465ee728b)
Start importing Assets/Scenes/SampleSceneLightingSettings.lighting using Guid(477cc4148fad3449482a3bc3178594e2) Importer(815301076,1909f56bfc062723c751e8b465ee728b)  -> (artifact id: 'd74f70026d9f3d663291c35b72127a03') in 0.002346 seconds
  Import took 0.006280 seconds .

========================================================================
Received Import Request.
  Time since last request: 22.899833 seconds.
  path: Assets/UniversalRenderPipelineAsset.asset
  artifactKey: Guid(495013817359e824483c5ba00302d481) Importer(815301076,1909f56bfc062723c751e8b465ee728b)
Start importing Assets/UniversalRenderPipelineAsset.asset using Guid(495013817359e824483c5ba00302d481) Importer(815301076,1909f56bfc062723c751e8b465ee728b)  -> (artifact id: '77ebc88cdf29b4d5119859bbb1328db7') in 0.008799 seconds
  Import took 0.012313 seconds .

========================================================================
Received Import Request.
  Time since last request: 0.000206 seconds.
  path: Assets/UniversalRenderPipelineAsset_Renderer.asset
  artifactKey: Guid(28063949aaa467b459e7fd5718dd7394) Importer(815301076,1909f56bfc062723c751e8b465ee728b)
Start importing Assets/UniversalRenderPipelineAsset_Renderer.asset using Guid(28063949aaa467b459e7fd5718dd7394) Importer(815301076,1909f56bfc062723c751e8b465ee728b)  -> (artifact id: '02cc3dca8250e84eab2b809825cf365f') in 0.005972 seconds
  Import took 0.009143 seconds .

========================================================================
Received Import Request.
  Time since last request: 6.004454 seconds.
  path: Assets/Test.asset
  artifactKey: Guid(c19ea06aff7836f4082e0d21e28c5510) Importer(815301076,1909f56bfc062723c751e8b465ee728b)
Start importing Assets/Test.asset using Guid(c19ea06aff7836f4082e0d21e28c5510) Importer(815301076,1909f56bfc062723c751e8b465ee728b)  -> (artifact id: '74103a1b3ddb02f89ac96af1796754ad') in 0.011646 seconds
  Import took 0.020400 seconds .

========================================================================
Received Prepare
Registering precompiled user dll's ...
Registered in 0.000895 seconds.
Begin MonoManager ReloadAssembly
Native extension for LinuxStandalone target not found
Native extension for WindowsStandalone target not found
Native extension for OSXStandalone target not found
Native extension for WebGL target not found
Refreshing native plugins compatible for Editor in 0.36 ms, found 0 plugins.
Preloading 0 native plugins for Editor in 0.00 ms.
Invoked RoslynAnalysisRunner static constructor.
RoslynAnalysisRunner will not be running.
RoslynAnalysisRunner has terminated.
Mono: successfully reloaded assembly
- Completed reload, in  0.745 seconds
Platform modules already initialized, skipping
Switching render pipeline 19ba41d7c0026c3459d37c2fe90c55a0 -> 495013817359e824483c5ba00302d481
Shader 'Universal Render Pipeline/Particles/Lit': fallback shader 'Universal Render Pipeline/Particles/SimpleLit' not found
Shader 'Universal Render Pipeline/Particles/Lit': fallback shader 'Universal Render Pipeline/Particles/SimpleLit' not found
Refreshing native plugins compatible for Editor in 0.38 ms, found 0 plugins.
Preloading 0 native plugins for Editor in 0.00 ms.
Unloading 2334 Unused Serialized files (Serialized files now loaded: 0)
System memory in use before: 111.3 MB.
System memory in use after: 109.6 MB.

Unloading 37 unused Assets to reduce memory usage. Loaded Objects now: 2837.
Total: 3.914200 ms (FindLiveObjects: 0.364200 ms CreateObjectMapping: 0.149200 ms MarkObjects: 1.717700 ms  DeleteObjects: 1.680900 ms)

========================================================================
Received Import Request.
  Time since last request: 72.323261 seconds.
  path: Assets/Test.asset
  artifactKey: Guid(c19ea06aff7836f4082e0d21e28c5510) Importer(815301076,1909f56bfc062723c751e8b465ee728b)
Start importing Assets/Test.asset using Guid(c19ea06aff7836f4082e0d21e28c5510) Importer(815301076,1909f56bfc062723c751e8b465ee728b)  -> (artifact id: 'd6a6f609aa22f71543a4e0088804759b') in 0.012603 seconds
  Import took 0.016425 seconds .

========================================================================
Received Import Request.
  Time since last request: 0.000177 seconds.
  path: Assets/UniversalRenderPipelineAsset.asset
  artifactKey: Guid(495013817359e824483c5ba00302d481) Importer(815301076,1909f56bfc062723c751e8b465ee728b)
Start importing Assets/UniversalRenderPipelineAsset.asset using Guid(495013817359e824483c5ba00302d481) Importer(815301076,1909f56bfc062723c751e8b465ee728b)  -> (artifact id: 'cabff895b69d75b153b0f9b8cee25768') in 0.002429 seconds
  Import took 0.010419 seconds .

========================================================================
Received Import Request.
  Time since last request: 0.000252 seconds.
  path: Assets/UniversalRenderPipelineAsset_Renderer.asset
  artifactKey: Guid(28063949aaa467b459e7fd5718dd7394) Importer(815301076,1909f56bfc062723c751e8b465ee728b)
Start importing Assets/UniversalRenderPipelineAsset_Renderer.asset using Guid(28063949aaa467b459e7fd5718dd7394) Importer(815301076,1909f56bfc062723c751e8b465ee728b)  -> (artifact id: 'b220684063a73b85c9c5d43505c79cff') in 0.002661 seconds
  Import took 0.005963 seconds .

========================================================================
Received Import Request.
  Time since last request: 26.138795 seconds.
  path: Assets/Prefabs/Map/Chunk.prefab
  artifactKey: Guid(7218052da71546a4f94e1d31f2feeca2) Importer(815301076,1909f56bfc062723c751e8b465ee728b)
Start importing Assets/Prefabs/Map/Chunk.prefab using Guid(7218052da71546a4f94e1d31f2feeca2) Importer(815301076,1909f56bfc062723c751e8b465ee728b)  -> (artifact id: 'f9104c82f074ba10bc3138b5dee0dff4') in 0.019312 seconds
  Import took 0.023524 seconds .

========================================================================
Received Prepare
Registering precompiled user dll's ...
Registered in 0.000915 seconds.
Begin MonoManager ReloadAssembly
Native extension for LinuxStandalone target not found
Native extension for WindowsStandalone target not found
Native extension for OSXStandalone target not found
Native extension for WebGL target not found
Refreshing native plugins compatible for Editor in 0.35 ms, found 0 plugins.
Preloading 0 native plugins for Editor in 0.00 ms.
Invoked RoslynAnalysisRunner static constructor.
RoslynAnalysisRunner will not be running.
RoslynAnalysisRunner has terminated.
Mono: successfully reloaded assembly
- Completed reload, in  0.718 seconds
Platform modules already initialized, skipping
Switching render pipeline 19ba41d7c0026c3459d37c2fe90c55a0 -> 495013817359e824483c5ba00302d481
Shader 'Universal Render Pipeline/Particles/Lit': fallback shader 'Universal Render Pipeline/Particles/SimpleLit' not found
Shader 'Universal Render Pipeline/Particles/Lit': fallback shader 'Universal Render Pipeline/Particles/SimpleLit' not found
Refreshing native plugins compatible for Editor in 0.43 ms, found 0 plugins.
Preloading 0 native plugins for Editor in 0.00 ms.
Unloading 2334 Unused Serialized files (Serialized files now loaded: 0)
System memory in use before: 111.5 MB.
System memory in use after: 109.7 MB.

Unloading 37 unused Assets to reduce memory usage. Loaded Objects now: 2841.
Total: 3.254700 ms (FindLiveObjects: 0.242400 ms CreateObjectMapping: 0.147800 ms MarkObjects: 1.775300 ms  DeleteObjects: 1.087900 ms)

========================================================================
Received Import Request.
  Time since last request: 11.808971 seconds.
  path: Assets/Prefabs/Map/Chunk.prefab
  artifactKey: Guid(7218052da71546a4f94e1d31f2feeca2) Importer(815301076,1909f56bfc062723c751e8b465ee728b)
Start importing Assets/Prefabs/Map/Chunk.prefab using Guid(7218052da71546a4f94e1d31f2feeca2) Importer(815301076,1909f56bfc062723c751e8b465ee728b)  -> (artifact id: 'c88ae06c3edf495002efedd3a8d87c11') in 0.021054 seconds
  Import took 0.029517 seconds .

========================================================================
Received Import Request.
  Time since last request: 0.970548 seconds.
  path: Assets/Prefabs/Map/Chunk.prefab
  artifactKey: Guid(7218052da71546a4f94e1d31f2feeca2) Importer(815301076,1909f56bfc062723c751e8b465ee728b)
Start importing Assets/Prefabs/Map/Chunk.prefab using Guid(7218052da71546a4f94e1d31f2feeca2) Importer(815301076,1909f56bfc062723c751e8b465ee728b)  -> (artifact id: 'd1c18abe0fdf2718fbfea5ce09589cee') in 0.003367 seconds
  Import took 0.007853 seconds .

========================================================================
Received Import Request.
  Time since last request: 4.926010 seconds.
  path: Assets/Prefabs/Map/Chunk.prefab
  artifactKey: Guid(7218052da71546a4f94e1d31f2feeca2) Importer(815301076,1909f56bfc062723c751e8b465ee728b)
Start importing Assets/Prefabs/Map/Chunk.prefab using Guid(7218052da71546a4f94e1d31f2feeca2) Importer(815301076,1909f56bfc062723c751e8b465ee728b)  -> (artifact id: '1d2b85e28c22cc16c1f507aa56db30e4') in 0.159967 seconds
  Import took 0.164799 seconds .

========================================================================
Received Import Request.
  Time since last request: 9.489418 seconds.
  path: Assets/Prefabs/Map/Chunk.prefab
  artifactKey: Guid(7218052da71546a4f94e1d31f2feeca2) Importer(815301076,1909f56bfc062723c751e8b465ee728b)
Start importing Assets/Prefabs/Map/Chunk.prefab using Guid(7218052da71546a4f94e1d31f2feeca2) Importer(815301076,1909f56bfc062723c751e8b465ee728b)  -> (artifact id: '08f1f1152d5b098c5cd5d4a86dbd8f11') in 0.007690 seconds
  Import took 0.012721 seconds .

========================================================================
Received Prepare
Registering precompiled user dll's ...
Registered in 0.000901 seconds.
Begin MonoManager ReloadAssembly
Native extension for LinuxStandalone target not found
Native extension for WindowsStandalone target not found
Native extension for OSXStandalone target not found
Native extension for WebGL target not found
Refreshing native plugins compatible for Editor in 0.36 ms, found 0 plugins.
Preloading 0 native plugins for Editor in 0.00 ms.
Invoked RoslynAnalysisRunner static constructor.
RoslynAnalysisRunner will not be running.
RoslynAnalysisRunner has terminated.
Mono: successfully reloaded assembly
- Completed reload, in  0.775 seconds
Platform modules already initialized, skipping
Switching render pipeline 19ba41d7c0026c3459d37c2fe90c55a0 -> 495013817359e824483c5ba00302d481
Shader 'Universal Render Pipeline/Particles/Lit': fallback shader 'Universal Render Pipeline/Particles/SimpleLit' not found
Shader 'Universal Render Pipeline/Particles/Lit': fallback shader 'Universal Render Pipeline/Particles/SimpleLit' not found
Refreshing native plugins compatible for Editor in 0.38 ms, found 0 plugins.
Preloading 0 native plugins for Editor in 0.00 ms.
Unloading 2332 Unused Serialized files (Serialized files now loaded: 0)
System memory in use before: 116.7 MB.
System memory in use after: 114.9 MB.

Unloading 37 unused Assets to reduce memory usage. Loaded Objects now: 2889.
Total: 2.846100 ms (FindLiveObjects: 0.244500 ms CreateObjectMapping: 0.103800 ms MarkObjects: 1.534200 ms  DeleteObjects: 0.962600 ms)

========================================================================
Received Import Request.
  Time since last request: 489.959891 seconds.
  path: Assets/Shaders/WaterSurface.mat
  artifactKey: Guid(c6816b92953fbdd4d853ee25cc3cde29) Importer(815301076,1909f56bfc062723c751e8b465ee728b)
Start importing Assets/Shaders/WaterSurface.mat using Guid(c6816b92953fbdd4d853ee25cc3cde29) Importer(815301076,1909f56bfc062723c751e8b465ee728b)  -> (artifact id: '6a4a5f321dbdd7acd52332bce30fbf7d') in 0.563946 seconds
  Import took 0.567642 seconds .

========================================================================
Received Import Request.
  Time since last request: 2.717892 seconds.
  path: Assets/Materials/Base.mat
  artifactKey: Guid(bfdb694f0ecb7d54190b7575c34f66bb) Importer(815301076,1909f56bfc062723c751e8b465ee728b)
Start importing Assets/Materials/Base.mat using Guid(bfdb694f0ecb7d54190b7575c34f66bb) Importer(815301076,1909f56bfc062723c751e8b465ee728b)  -> (artifact id: '84c07ad4c823b1f069b1532f40b6f14b') in 0.020585 seconds
  Import took 0.023974 seconds .

========================================================================
Received Import Request.
  Time since last request: 0.000259 seconds.
  path: Assets/Materials/GroundBlocks.mat
  artifactKey: Guid(1bf608920549fef4eb2eaf7f4e6b4dfa) Importer(815301076,1909f56bfc062723c751e8b465ee728b)
Start importing Assets/Materials/GroundBlocks.mat using Guid(1bf608920549fef4eb2eaf7f4e6b4dfa) Importer(815301076,1909f56bfc062723c751e8b465ee728b)  -> (artifact id: 'b1b5da72fef56bc780429bcbd071c3d7') in 0.020683 seconds
  Import took 0.023742 seconds .

========================================================================
Received Import Request.
  Time since last request: 0.000264 seconds.
  path: Assets/Materials/Green.mat
  artifactKey: Guid(45358d5491259da4686f6d7a61664387) Importer(815301076,1909f56bfc062723c751e8b465ee728b)
Start importing Assets/Materials/Green.mat using Guid(45358d5491259da4686f6d7a61664387) Importer(815301076,1909f56bfc062723c751e8b465ee728b)  -> (artifact id: 'a722702d3204dcf1a878ecf0e3826973') in 0.018641 seconds
  Import took 0.022515 seconds .

========================================================================
Received Import Request.
  Time since last request: 0.000212 seconds.
  path: Assets/Materials/Noise.mat
  artifactKey: Guid(3bc24efe81da4f841a650ee765163519) Importer(815301076,1909f56bfc062723c751e8b465ee728b)
Start importing Assets/Materials/Noise.mat using Guid(3bc24efe81da4f841a650ee765163519) Importer(815301076,1909f56bfc062723c751e8b465ee728b)  -> (artifact id: 'fe747474f395f1199cc2e223883a4285') in 0.019262 seconds
  Import took 0.023268 seconds .

========================================================================
Received Import Request.
  Time since last request: 0.000258 seconds.
  path: Assets/Materials/Sand.mat
  artifactKey: Guid(15bee5d3a7b218e4fa22a46830cf46cd) Importer(815301076,1909f56bfc062723c751e8b465ee728b)
Start importing Assets/Materials/Sand.mat using Guid(15bee5d3a7b218e4fa22a46830cf46cd) Importer(815301076,1909f56bfc062723c751e8b465ee728b)  -> (artifact id: 'c37a6fdc42e982a41a3dd5a4135f57c7') in 0.018400 seconds
  Import took 0.022103 seconds .

========================================================================
Received Import Request.
  Time since last request: 0.001754 seconds.
  path: Assets/Materials/Sand.mat
  artifactKey: Guid(15bee5d3a7b218e4fa22a46830cf46cd) Importer(815301076,1909f56bfc062723c751e8b465ee728b)
Start importing Assets/Materials/Sand.mat using Guid(15bee5d3a7b218e4fa22a46830cf46cd) Importer(815301076,1909f56bfc062723c751e8b465ee728b)  -> (artifact id: 'c37a6fdc42e982a41a3dd5a4135f57c7') in 0.005620 seconds
  Import took 0.008873 seconds .

========================================================================
Received Import Request.
  Time since last request: 8.085680 seconds.
  path: Assets/Prefabs/Map/Chunk.prefab
  artifactKey: Guid(7218052da71546a4f94e1d31f2feeca2) Importer(815301076,1909f56bfc062723c751e8b465ee728b)
Start importing Assets/Prefabs/Map/Chunk.prefab using Guid(7218052da71546a4f94e1d31f2feeca2) Importer(815301076,1909f56bfc062723c751e8b465ee728b)  -> (artifact id: '7d548a975caeac9a1a5473e7dfdb00bc') in 0.015730 seconds
  Import took 0.019356 seconds .

========================================================================
Received Prepare
Registering precompiled user dll's ...
Registered in 0.000896 seconds.
Begin MonoManager ReloadAssembly
Native extension for LinuxStandalone target not found
Native extension for WindowsStandalone target not found
Native extension for OSXStandalone target not found
Native extension for WebGL target not found
Refreshing native plugins compatible for Editor in 0.38 ms, found 0 plugins.
Preloading 0 native plugins for Editor in 0.00 ms.
Invoked RoslynAnalysisRunner static constructor.
RoslynAnalysisRunner will not be running.
RoslynAnalysisRunner has terminated.
Mono: successfully reloaded assembly
- Completed reload, in  0.781 seconds
Platform modules already initialized, skipping
Switching render pipeline 19ba41d7c0026c3459d37c2fe90c55a0 -> 495013817359e824483c5ba00302d481
Shader 'Universal Render Pipeline/Particles/Lit': fallback shader 'Universal Render Pipeline/Particles/SimpleLit' not found
Shader 'Universal Render Pipeline/Particles/Lit': fallback shader 'Universal Render Pipeline/Particles/SimpleLit' not found
Refreshing native plugins compatible for Editor in 0.40 ms, found 0 plugins.
Preloading 0 native plugins for Editor in 0.00 ms.
Unloading 2333 Unused Serialized files (Serialized files now loaded: 0)
System memory in use before: 117.5 MB.
System memory in use after: 115.7 MB.

Unloading 37 unused Assets to reduce memory usage. Loaded Objects now: 2961.
Total: 3.448100 ms (FindLiveObjects: 0.300500 ms CreateObjectMapping: 0.150700 ms MarkObjects: 1.736300 ms  DeleteObjects: 1.259400 ms)

========================================================================
Received Import Request.
  Time since last request: 88.839679 seconds.
  path: Assets/Shaders/WaterSurface.shadergraph
  artifactKey: Guid(3eaf907668a14684aab143a7fc51c4b9) Importer(815301076,1909f56bfc062723c751e8b465ee728b)
Start importing Assets/Shaders/WaterSurface.shadergraph using Guid(3eaf907668a14684aab143a7fc51c4b9) Importer(815301076,1909f56bfc062723c751e8b465ee728b)  -> (artifact id: '5acf2e47b8d5cb466eb9c5818bacabef') in 0.015040 seconds
  Import took 0.023788 seconds .

========================================================================
Received Import Request.
  Time since last request: 0.000378 seconds.
  path: Assets/Shaders/WaterSurface.shadergraph
  artifactKey: Guid(3eaf907668a14684aab143a7fc51c4b9) Importer(815301076,1909f56bfc062723c751e8b465ee728b)
Start importing Assets/Shaders/WaterSurface.shadergraph using Guid(3eaf907668a14684aab143a7fc51c4b9) Importer(815301076,1909f56bfc062723c751e8b465ee728b)  -> (artifact id: '5acf2e47b8d5cb466eb9c5818bacabef') in 0.002217 seconds
  Import took 0.005450 seconds .

========================================================================
Received Import Request.
  Time since last request: 155.759921 seconds.
  path: Assets/Shaders/WaterSurface.shadergraph
  artifactKey: Guid(3eaf907668a14684aab143a7fc51c4b9) Importer(815301076,1909f56bfc062723c751e8b465ee728b)
Start importing Assets/Shaders/WaterSurface.shadergraph using Guid(3eaf907668a14684aab143a7fc51c4b9) Importer(815301076,1909f56bfc062723c751e8b465ee728b)  -> (artifact id: '8e3e4e9cb0dd7283e34d0212fac713a5') in 0.001986 seconds
  Import took 0.005689 seconds .

========================================================================
Received Import Request.
  Time since last request: 82.889836 seconds.
  path: Assets/Prefabs/Map/Chunk.prefab
  artifactKey: Guid(7218052da71546a4f94e1d31f2feeca2) Importer(815301076,1909f56bfc062723c751e8b465ee728b)
Start importing Assets/Prefabs/Map/Chunk.prefab using Guid(7218052da71546a4f94e1d31f2feeca2) Importer(815301076,1909f56bfc062723c751e8b465ee728b)  -> (artifact id: '232b3c7ba366ff405201856dc882a56d') in 0.124265 seconds
  Import took 0.127930 seconds .

========================================================================
Received Import Request.
  Time since last request: 36.134215 seconds.
  path: Assets/Photos/Photo_2021-05-03_00-17-10.png
  artifactKey: Guid(98e9171b66da7db4280430c417b9b6dd) Importer(815301076,1909f56bfc062723c751e8b465ee728b)
Start importing Assets/Photos/Photo_2021-05-03_00-17-10.png using Guid(98e9171b66da7db4280430c417b9b6dd) Importer(815301076,1909f56bfc062723c751e8b465ee728b)  -> (artifact id: '46db54fe8d09480980ee3bd103b74f71') in 0.084889 seconds
  Import took 0.088628 seconds .

========================================================================
Received Import Request.
  Time since last request: 0.000206 seconds.
  path: Assets/Photos/Photo_2021-05-03_19-42-34.png
  artifactKey: Guid(c9e01e63ffd04cf4799eac5d040a5e3c) Importer(815301076,1909f56bfc062723c751e8b465ee728b)
Start importing Assets/Photos/Photo_2021-05-03_19-42-34.png using Guid(c9e01e63ffd04cf4799eac5d040a5e3c) Importer(815301076,1909f56bfc062723c751e8b465ee728b)  -> (artifact id: 'd0231309126718e0a00b6c4aed52e19a') in 0.020129 seconds
  Import took 0.024089 seconds .

========================================================================
Received Import Request.
  Time since last request: 0.000246 seconds.
  path: Assets/Photos/Photo_2021-05-05_20-47-54.png
  artifactKey: Guid(8ab3871e3f8dccb4db655f85f30fe4de) Importer(815301076,1909f56bfc062723c751e8b465ee728b)
Start importing Assets/Photos/Photo_2021-05-05_20-47-54.png using Guid(8ab3871e3f8dccb4db655f85f30fe4de) Importer(815301076,1909f56bfc062723c751e8b465ee728b)  -> (artifact id: '9a0873f1c6f0d4fa9d34253fbcf26e5d') in 0.018179 seconds
  Import took 0.022788 seconds .

========================================================================
Received Import Request.
  Time since last request: 0.000204 seconds.
  path: Assets/Photos/Photo_2021-05-03_19-24-15.png
  artifactKey: Guid(d39ebad21da49174e81bc9b5c6a2c194) Importer(815301076,1909f56bfc062723c751e8b465ee728b)
Start importing Assets/Photos/Photo_2021-05-03_19-24-15.png using Guid(d39ebad21da49174e81bc9b5c6a2c194) Importer(815301076,1909f56bfc062723c751e8b465ee728b)  -> (artifact id: '2b0169eacbd44b7eac2652b785014f2c') in 0.018200 seconds
  Import took 0.021841 seconds .

========================================================================
Received Import Request.
  Time since last request: 0.000201 seconds.
  path: Assets/Photos/Photo_2021-05-03_19-29-19.png
  artifactKey: Guid(9e173c1259dfc9948a7c3cf24aac3269) Importer(815301076,1909f56bfc062723c751e8b465ee728b)
Start importing Assets/Photos/Photo_2021-05-03_19-29-19.png using Guid(9e173c1259dfc9948a7c3cf24aac3269) Importer(815301076,1909f56bfc062723c751e8b465ee728b)  -> (artifact id: 'be6275b7a80b761a211e8c32fb13fcc3') in 0.018803 seconds
  Import took 0.023106 seconds .

========================================================================
Received Import Request.
  Time since last request: 0.000240 seconds.
  path: Assets/Photos/Photo_2021-05-03_19-24-20.png
  artifactKey: Guid(7f59df29051becd46a7cc6f43cf704ee) Importer(815301076,1909f56bfc062723c751e8b465ee728b)
Start importing Assets/Photos/Photo_2021-05-03_19-24-20.png using Guid(7f59df29051becd46a7cc6f43cf704ee) Importer(815301076,1909f56bfc062723c751e8b465ee728b)  -> (artifact id: '34810ac19e23f4ba00e49aaaac709760') in 0.020228 seconds
  Import took 0.023949 seconds .

========================================================================
Received Import Request.
  Time since last request: 0.000260 seconds.
  path: Assets/Photos/Photo_2021-05-03_18-20-00.png
  artifactKey: Guid(6fea8f08bd6260d4ab89e808c7dd967b) Importer(815301076,1909f56bfc062723c751e8b465ee728b)
Start importing Assets/Photos/Photo_2021-05-03_18-20-00.png using Guid(6fea8f08bd6260d4ab89e808c7dd967b) Importer(815301076,1909f56bfc062723c751e8b465ee728b)  -> (artifact id: '8dd6042612339a128db5ff699ead081b') in 0.016792 seconds
  Import took 0.020474 seconds .

========================================================================
Received Import Request.
  Time since last request: 0.000231 seconds.
  path: Assets/Photos/Photo_2021-05-04_00-08-34.png
  artifactKey: Guid(95801d3b95f2f9c4dbc684ca9664d4b1) Importer(815301076,1909f56bfc062723c751e8b465ee728b)
Start importing Assets/Photos/Photo_2021-05-04_00-08-34.png using Guid(95801d3b95f2f9c4dbc684ca9664d4b1) Importer(815301076,1909f56bfc062723c751e8b465ee728b)  -> (artifact id: '7e5c7b318499711b04f887fa7268fcd8') in 0.018329 seconds
  Import took 0.022845 seconds .

========================================================================
Received Import Request.
  Time since last request: 0.000236 seconds.
  path: Assets/Photos/Photo_2021-05-06_00-15-47.png
  artifactKey: Guid(b2e8c1ef77979e94688176f8d31e36ec) Importer(815301076,1909f56bfc062723c751e8b465ee728b)
Start importing Assets/Photos/Photo_2021-05-06_00-15-47.png using Guid(b2e8c1ef77979e94688176f8d31e36ec) Importer(815301076,1909f56bfc062723c751e8b465ee728b)  -> (artifact id: 'bdf5baad14511bef9a4f40cbf4cc32ae') in 0.017967 seconds
  Import took 0.022005 seconds .

========================================================================
Received Import Request.
  Time since last request: 0.000251 seconds.
  path: Assets/Photos/Photo_2021-05-05_20-46-22.png
  artifactKey: Guid(9a2f2f162da1cb747b4c57e8089ec475) Importer(815301076,1909f56bfc062723c751e8b465ee728b)
Start importing Assets/Photos/Photo_2021-05-05_20-46-22.png using Guid(9a2f2f162da1cb747b4c57e8089ec475) Importer(815301076,1909f56bfc062723c751e8b465ee728b)  -> (artifact id: '51ea953e38ec4b2664aa8fe553429223') in 0.021285 seconds
  Import took 0.025155 seconds .

========================================================================
Received Import Request.
  Time since last request: 0.000239 seconds.
  path: Assets/Photos/Photo_2021-05-05_20-46-14.png
  artifactKey: Guid(abdc9fab04b3afe48a963fc95410278e) Importer(815301076,1909f56bfc062723c751e8b465ee728b)
Start importing Assets/Photos/Photo_2021-05-05_20-46-14.png using Guid(abdc9fab04b3afe48a963fc95410278e) Importer(815301076,1909f56bfc062723c751e8b465ee728b)  -> (artifact id: '6f71c3648127a4eafd183b55eaf10fb5') in 0.018913 seconds
  Import took 0.022677 seconds .

========================================================================
Received Import Request.
  Time since last request: 0.000180 seconds.
  path: Assets/Photos/Photo_2021-05-03_00-17-34.png
  artifactKey: Guid(917524658898c7442a281abdd38d166a) Importer(815301076,1909f56bfc062723c751e8b465ee728b)
Start importing Assets/Photos/Photo_2021-05-03_00-17-34.png using Guid(917524658898c7442a281abdd38d166a) Importer(815301076,1909f56bfc062723c751e8b465ee728b)  -> (artifact id: 'b30effbc42a8527c6a66369dc4a548be') in 0.019932 seconds
  Import took 0.023677 seconds .

========================================================================
Received Import Request.
  Time since last request: 0.000217 seconds.
  path: Assets/Photos/Photo_2021-05-03_00-17-48.png
  artifactKey: Guid(bb9a1acfcbccacb43a079f1c27c24ac8) Importer(815301076,1909f56bfc062723c751e8b465ee728b)
Start importing Assets/Photos/Photo_2021-05-03_00-17-48.png using Guid(bb9a1acfcbccacb43a079f1c27c24ac8) Importer(815301076,1909f56bfc062723c751e8b465ee728b)  -> (artifact id: 'a168d4e3328d577d450876538cee0387') in 0.018449 seconds
  Import took 0.022226 seconds .

========================================================================
Received Import Request.
  Time since last request: 0.000202 seconds.
  path: Assets/Photos/Photo_2021-05-03_19-42-42.png
  artifactKey: Guid(5abecc9dd0e1073478c43fc7c469ef01) Importer(815301076,1909f56bfc062723c751e8b465ee728b)
Start importing Assets/Photos/Photo_2021-05-03_19-42-42.png using Guid(5abecc9dd0e1073478c43fc7c469ef01) Importer(815301076,1909f56bfc062723c751e8b465ee728b)  -> (artifact id: '01c87cf09511c47da56538aee500d864') in 0.019652 seconds
  Import took 0.023665 seconds .

========================================================================
Received Import Request.
  Time since last request: 0.000269 seconds.
  path: Assets/Photos/Photo_2021-05-04_00-07-50.png
  artifactKey: Guid(c5b6643f02fd2134d9f43670bfd11f02) Importer(815301076,1909f56bfc062723c751e8b465ee728b)
Start importing Assets/Photos/Photo_2021-05-04_00-07-50.png using Guid(c5b6643f02fd2134d9f43670bfd11f02) Importer(815301076,1909f56bfc062723c751e8b465ee728b)  -> (artifact id: 'ebfc595ecb00027f3d3bf4bc09875911') in 0.019750 seconds
  Import took 0.023569 seconds .

========================================================================
Received Import Request.
  Time since last request: 0.000157 seconds.
  path: Assets/Photos/Photo_2021-05-05_01-09-55.png
  artifactKey: Guid(7966962e76a33ac41b797c552c257852) Importer(815301076,1909f56bfc062723c751e8b465ee728b)
Start importing Assets/Photos/Photo_2021-05-05_01-09-55.png using Guid(7966962e76a33ac41b797c552c257852) Importer(815301076,1909f56bfc062723c751e8b465ee728b)  -> (artifact id: '40b6bb5e056e6137af423fb751c28769') in 0.021036 seconds
  Import took 0.024552 seconds .

========================================================================
Received Import Request.
  Time since last request: 0.000198 seconds.
  path: Assets/Photos/Photo_2021-05-05_20-46-30.png
  artifactKey: Guid(0d1f3becfec17004aa07ad1839fd380b) Importer(815301076,1909f56bfc062723c751e8b465ee728b)
Start importing Assets/Photos/Photo_2021-05-05_20-46-30.png using Guid(0d1f3becfec17004aa07ad1839fd380b) Importer(815301076,1909f56bfc062723c751e8b465ee728b)  -> (artifact id: '38991b7f7cf78bda3acc0039cb926cb3') in 0.018465 seconds
  Import took 0.022367 seconds .

========================================================================
Received Import Request.
  Time since last request: 0.000205 seconds.
  path: Assets/Photos/Photo_2021-05-03_19-29-16.png
  artifactKey: Guid(6af12c91a8d572c4fb1bb86f609371c6) Importer(815301076,1909f56bfc062723c751e8b465ee728b)
Start importing Assets/Photos/Photo_2021-05-03_19-29-16.png using Guid(6af12c91a8d572c4fb1bb86f609371c6) Importer(815301076,1909f56bfc062723c751e8b465ee728b)  -> (artifact id: '90ce7b8d0b031c8438360ddc057ad34e') in 0.018312 seconds
  Import took 0.022180 seconds .

========================================================================
Received Import Request.
  Time since last request: 0.000179 seconds.
  path: Assets/Photos/Photo_2021-05-03_19-25-15.png
  artifactKey: Guid(3c92d765d7769004f95394ce72194c1c) Importer(815301076,1909f56bfc062723c751e8b465ee728b)
Start importing Assets/Photos/Photo_2021-05-03_19-25-15.png using Guid(3c92d765d7769004f95394ce72194c1c) Importer(815301076,1909f56bfc062723c751e8b465ee728b)  -> (artifact id: 'af73d90098c4d3f42ffcd57389814ee9') in 0.019554 seconds
  Import took 0.023816 seconds .

========================================================================
Received Import Request.
  Time since last request: 0.000165 seconds.
  path: Assets/Photos/Photo_2021-05-04_00-07-42.png
  artifactKey: Guid(b3d63202660372345a0f24d94f67f7cb) Importer(815301076,1909f56bfc062723c751e8b465ee728b)
Start importing Assets/Photos/Photo_2021-05-04_00-07-42.png using Guid(b3d63202660372345a0f24d94f67f7cb) Importer(815301076,1909f56bfc062723c751e8b465ee728b)  -> (artifact id: '4cba3590b702d37a1d6092a2e1c46348') in 0.019625 seconds
  Import took 0.024247 seconds .

========================================================================
Received Import Request.
  Time since last request: 0.000194 seconds.
  path: Assets/Photos/Photo_2021-05-05_20-46-36.png
  artifactKey: Guid(1e89bd0de34fd0946bbf2082093d6897) Importer(815301076,1909f56bfc062723c751e8b465ee728b)
Start importing Assets/Photos/Photo_2021-05-05_20-46-36.png using Guid(1e89bd0de34fd0946bbf2082093d6897) Importer(815301076,1909f56bfc062723c751e8b465ee728b)  -> (artifact id: '47091484a189ec3c389a2ad09bdcb53a') in 0.017328 seconds
  Import took 0.021598 seconds .

========================================================================
Received Import Request.
  Time since last request: 0.000197 seconds.
  path: Assets/Photos/Photo_2021-05-05_20-46-19.png
  artifactKey: Guid(a3d03b03396774f4b9da9316139d7f21) Importer(815301076,1909f56bfc062723c751e8b465ee728b)
Start importing Assets/Photos/Photo_2021-05-05_20-46-19.png using Guid(a3d03b03396774f4b9da9316139d7f21) Importer(815301076,1909f56bfc062723c751e8b465ee728b)  -> (artifact id: 'd9818388fecb84974483a77959c94169') in 0.019049 seconds
  Import took 0.023645 seconds .

========================================================================
Received Import Request.
  Time since last request: 0.000213 seconds.
  path: Assets/Photos/Photo_2021-05-05_20-43-46.png
  artifactKey: Guid(6ab34cab009c2e247aa932be2de11936) Importer(815301076,1909f56bfc062723c751e8b465ee728b)
Start importing Assets/Photos/Photo_2021-05-05_20-43-46.png using Guid(6ab34cab009c2e247aa932be2de11936) Importer(815301076,1909f56bfc062723c751e8b465ee728b)  -> (artifact id: '98ebc2e2e86eb9e3b6149e5d4e9a948c') in 0.025996 seconds
  Import took 0.030393 seconds .

========================================================================
Received Import Request.
  Time since last request: 0.000184 seconds.
  path: Assets/Photos/Photo_2021-05-06_00-15-53.png
  artifactKey: Guid(3305d3520b8aa3446bf796ce8325fc5c) Importer(815301076,1909f56bfc062723c751e8b465ee728b)
Start importing Assets/Photos/Photo_2021-05-06_00-15-53.png using Guid(3305d3520b8aa3446bf796ce8325fc5c) Importer(815301076,1909f56bfc062723c751e8b465ee728b)  -> (artifact id: '12e8724a9a426c50d5dbf7868ae7d0de') in 0.018901 seconds
  Import took 0.023125 seconds .

========================================================================
Received Import Request.
  Time since last request: 0.000173 seconds.
  path: Assets/Photos/Photo_2021-05-05_20-44-16.png
  artifactKey: Guid(3dd4e83f91436b44caff8e97d78596e5) Importer(815301076,1909f56bfc062723c751e8b465ee728b)
Start importing Assets/Photos/Photo_2021-05-05_20-44-16.png using Guid(3dd4e83f91436b44caff8e97d78596e5) Importer(815301076,1909f56bfc062723c751e8b465ee728b)  -> (artifact id: '24c2153773dcf69c1f9ef0d8710adbf1') in 0.018816 seconds
  Import took 0.022749 seconds .

========================================================================
Received Import Request.
  Time since last request: 596.167833 seconds.
  path: Assets/UniversalRenderPipelineAsset_Renderer.asset
  artifactKey: Guid(28063949aaa467b459e7fd5718dd7394) Importer(815301076,1909f56bfc062723c751e8b465ee728b)
Start importing Assets/UniversalRenderPipelineAsset_Renderer.asset using Guid(28063949aaa467b459e7fd5718dd7394) Importer(815301076,1909f56bfc062723c751e8b465ee728b)  -> (artifact id: '511ede80f0d82fc2e6e3229a54213005') in 0.003200 seconds
  Import took 0.007600 seconds .

========================================================================
Received Import Request.
  Time since last request: 355.079189 seconds.
  path: Assets/Prefabs/Map/Chunk.prefab
  artifactKey: Guid(7218052da71546a4f94e1d31f2feeca2) Importer(815301076,1909f56bfc062723c751e8b465ee728b)
Start importing Assets/Prefabs/Map/Chunk.prefab using Guid(7218052da71546a4f94e1d31f2feeca2) Importer(815301076,1909f56bfc062723c751e8b465ee728b)  -> (artifact id: 'fcde27282562e225392b238215eb3010') in 0.003419 seconds
  Import took 0.006783 seconds .

========================================================================
Received Prepare
Registering precompiled user dll's ...
Registered in 0.000929 seconds.
Begin MonoManager ReloadAssembly
Native extension for LinuxStandalone target not found
Native extension for WindowsStandalone target not found
Native extension for OSXStandalone target not found
Native extension for WebGL target not found
Refreshing native plugins compatible for Editor in 0.68 ms, found 0 plugins.
Preloading 0 native plugins for Editor in 0.00 ms.
Invoked RoslynAnalysisRunner static constructor.
RoslynAnalysisRunner will not be running.
RoslynAnalysisRunner has terminated.
Mono: successfully reloaded assembly
- Completed reload, in  0.779 seconds
Platform modules already initialized, skipping
Shader 'Universal Render Pipeline/Particles/Lit': fallback shader 'Universal Render Pipeline/Particles/SimpleLit' not found
Shader 'Universal Render Pipeline/Particles/Lit': fallback shader 'Universal Render Pipeline/Particles/SimpleLit' not found
Refreshing native plugins compatible for Editor in 0.36 ms, found 0 plugins.
Preloading 0 native plugins for Editor in 0.00 ms.
Unloading 2332 Unused Serialized files (Serialized files now loaded: 0)
System memory in use before: 117.6 MB.
System memory in use after: 115.8 MB.

Unloading 37 unused Assets to reduce memory usage. Loaded Objects now: 3001.
Total: 3.195400 ms (FindLiveObjects: 0.376300 ms CreateObjectMapping: 0.116900 ms MarkObjects: 1.642500 ms  DeleteObjects: 1.058200 ms)

========================================================================
Received Prepare
Registering precompiled user dll's ...
Registered in 0.000897 seconds.
Begin MonoManager ReloadAssembly
Native extension for LinuxStandalone target not found
Native extension for WindowsStandalone target not found
Native extension for OSXStandalone target not found
Native extension for WebGL target not found
Refreshing native plugins compatible for Editor in 0.35 ms, found 0 plugins.
Preloading 0 native plugins for Editor in 0.00 ms.
Invoked RoslynAnalysisRunner static constructor.
RoslynAnalysisRunner will not be running.
RoslynAnalysisRunner has terminated.
Mono: successfully reloaded assembly
- Completed reload, in  0.790 seconds
Platform modules already initialized, skipping
Shader 'Universal Render Pipeline/Particles/Lit': fallback shader 'Universal Render Pipeline/Particles/SimpleLit' not found
Shader 'Universal Render Pipeline/Particles/Lit': fallback shader 'Universal Render Pipeline/Particles/SimpleLit' not found
Refreshing native plugins compatible for Editor in 0.35 ms, found 0 plugins.
Preloading 0 native plugins for Editor in 0.00 ms.
Unloading 2332 Unused Serialized files (Serialized files now loaded: 0)
System memory in use before: 117.5 MB.
System memory in use after: 115.7 MB.

Unloading 37 unused Assets to reduce memory usage. Loaded Objects now: 3003.
Total: 3.046200 ms (FindLiveObjects: 0.321200 ms CreateObjectMapping: 0.126700 ms MarkObjects: 1.525900 ms  DeleteObjects: 1.070700 ms)

========================================================================
Received Prepare
Registering precompiled user dll's ...
Registered in 0.001128 seconds.
Begin MonoManager ReloadAssembly
Native extension for LinuxStandalone target not found
Native extension for WindowsStandalone target not found
Native extension for OSXStandalone target not found
Native extension for WebGL target not found
Refreshing native plugins compatible for Editor in 0.64 ms, found 0 plugins.
Preloading 0 native plugins for Editor in 0.00 ms.
Invoked RoslynAnalysisRunner static constructor.
RoslynAnalysisRunner will not be running.
RoslynAnalysisRunner has terminated.
Mono: successfully reloaded assembly
- Completed reload, in  0.779 seconds
Platform modules already initialized, skipping
Shader 'Universal Render Pipeline/Particles/Lit': fallback shader 'Universal Render Pipeline/Particles/SimpleLit' not found
Shader 'Universal Render Pipeline/Particles/Lit': fallback shader 'Universal Render Pipeline/Particles/SimpleLit' not found
Refreshing native plugins compatible for Editor in 0.37 ms, found 0 plugins.
Preloading 0 native plugins for Editor in 0.00 ms.
Unloading 2332 Unused Serialized files (Serialized files now loaded: 0)
System memory in use before: 117.6 MB.
System memory in use after: 115.8 MB.

Unloading 37 unused Assets to reduce memory usage. Loaded Objects now: 3005.
Total: 3.083100 ms (FindLiveObjects: 0.274700 ms CreateObjectMapping: 0.123300 ms MarkObjects: 1.571300 ms  DeleteObjects: 1.112600 ms)

========================================================================
Received Import Request.
  Time since last request: 897.667155 seconds.
  path: Assets/GroundAtlas.png
  artifactKey: Guid(8820b7ae655e36c47adfd9d504fc2dcb) Importer(815301076,1909f56bfc062723c751e8b465ee728b)
Start importing Assets/GroundAtlas.png using Guid(8820b7ae655e36c47adfd9d504fc2dcb) Importer(815301076,1909f56bfc062723c751e8b465ee728b)  -> (artifact id: 'afcc276a0299d22503e430e14ca1e029') in 0.032603 seconds
  Import took 0.036026 seconds .

========================================================================
Received Prepare
Registering precompiled user dll's ...
Registered in 0.001307 seconds.
Begin MonoManager ReloadAssembly
Native extension for LinuxStandalone target not found
Native extension for WindowsStandalone target not found
Native extension for OSXStandalone target not found
Native extension for WebGL target not found
Refreshing native plugins compatible for Editor in 0.36 ms, found 0 plugins.
Preloading 0 native plugins for Editor in 0.00 ms.
Invoked RoslynAnalysisRunner static constructor.
RoslynAnalysisRunner will not be running.
RoslynAnalysisRunner has terminated.
Mono: successfully reloaded assembly
- Completed reload, in  0.785 seconds
Platform modules already initialized, skipping
Shader 'Universal Render Pipeline/Particles/Lit': fallback shader 'Universal Render Pipeline/Particles/SimpleLit' not found
Shader 'Universal Render Pipeline/Particles/Lit': fallback shader 'Universal Render Pipeline/Particles/SimpleLit' not found
Refreshing native plugins compatible for Editor in 0.34 ms, found 0 plugins.
Preloading 0 native plugins for Editor in 0.00 ms.
Unloading 2332 Unused Serialized files (Serialized files now loaded: 0)
System memory in use before: 117.6 MB.
System memory in use after: 115.8 MB.

Unloading 37 unused Assets to reduce memory usage. Loaded Objects now: 3008.
Total: 3.325300 ms (FindLiveObjects: 0.295700 ms CreateObjectMapping: 0.144000 ms MarkObjects: 1.779900 ms  DeleteObjects: 1.104900 ms)

========================================================================
Received Prepare
Registering precompiled user dll's ...
Registered in 0.000909 seconds.
Begin MonoManager ReloadAssembly
Native extension for LinuxStandalone target not found
Native extension for WindowsStandalone target not found
Native extension for OSXStandalone target not found
Native extension for WebGL target not found
Refreshing native plugins compatible for Editor in 0.35 ms, found 0 plugins.
Preloading 0 native plugins for Editor in 0.00 ms.
Invoked RoslynAnalysisRunner static constructor.
RoslynAnalysisRunner will not be running.
RoslynAnalysisRunner has terminated.
Mono: successfully reloaded assembly
- Completed reload, in  0.763 seconds
Platform modules already initialized, skipping
Shader 'Universal Render Pipeline/Particles/Lit': fallback shader 'Universal Render Pipeline/Particles/SimpleLit' not found
Shader 'Universal Render Pipeline/Particles/Lit': fallback shader 'Universal Render Pipeline/Particles/SimpleLit' not found
Refreshing native plugins compatible for Editor in 0.35 ms, found 0 plugins.
Preloading 0 native plugins for Editor in 0.00 ms.
Unloading 2332 Unused Serialized files (Serialized files now loaded: 0)
System memory in use before: 117.6 MB.
System memory in use after: 115.8 MB.

Unloading 37 unused Assets to reduce memory usage. Loaded Objects now: 3010.
Total: 3.505300 ms (FindLiveObjects: 0.306900 ms CreateObjectMapping: 0.130800 ms MarkObjects: 1.935000 ms  DeleteObjects: 1.130900 ms)

========================================================================
Received Prepare
Registering precompiled user dll's ...
Registered in 0.001022 seconds.
Begin MonoManager ReloadAssembly
Native extension for LinuxStandalone target not found
Native extension for WindowsStandalone target not found
Native extension for OSXStandalone target not found
Native extension for WebGL target not found
Refreshing native plugins compatible for Editor in 0.35 ms, found 0 plugins.
Preloading 0 native plugins for Editor in 0.00 ms.
Invoked RoslynAnalysisRunner static constructor.
RoslynAnalysisRunner will not be running.
RoslynAnalysisRunner has terminated.
Mono: successfully reloaded assembly
- Completed reload, in  0.798 seconds
Platform modules already initialized, skipping
Shader 'Universal Render Pipeline/Particles/Lit': fallback shader 'Universal Render Pipeline/Particles/SimpleLit' not found
Shader 'Universal Render Pipeline/Particles/Lit': fallback shader 'Universal Render Pipeline/Particles/SimpleLit' not found
Refreshing native plugins compatible for Editor in 0.55 ms, found 0 plugins.
Preloading 0 native plugins for Editor in 0.00 ms.
Unloading 2332 Unused Serialized files (Serialized files now loaded: 0)
System memory in use before: 117.6 MB.
System memory in use after: 115.8 MB.

Unloading 37 unused Assets to reduce memory usage. Loaded Objects now: 3012.
Total: 3.004200 ms (FindLiveObjects: 0.244100 ms CreateObjectMapping: 0.117500 ms MarkObjects: 1.560500 ms  DeleteObjects: 1.080400 ms)

========================================================================
Received Prepare
Registering precompiled user dll's ...
Registered in 0.000921 seconds.
Begin MonoManager ReloadAssembly
Native extension for LinuxStandalone target not found
Native extension for WindowsStandalone target not found
Native extension for OSXStandalone target not found
Native extension for WebGL target not found
Refreshing native plugins compatible for Editor in 0.35 ms, found 0 plugins.
Preloading 0 native plugins for Editor in 0.00 ms.
Invoked RoslynAnalysisRunner static constructor.
RoslynAnalysisRunner will not be running.
RoslynAnalysisRunner has terminated.
Mono: successfully reloaded assembly
- Completed reload, in  0.743 seconds
Platform modules already initialized, skipping
Shader 'Universal Render Pipeline/Particles/Lit': fallback shader 'Universal Render Pipeline/Particles/SimpleLit' not found
Shader 'Universal Render Pipeline/Particles/Lit': fallback shader 'Universal Render Pipeline/Particles/SimpleLit' not found
Refreshing native plugins compatible for Editor in 0.37 ms, found 0 plugins.
Preloading 0 native plugins for Editor in 0.00 ms.
Unloading 2332 Unused Serialized files (Serialized files now loaded: 0)
System memory in use before: 117.5 MB.
System memory in use after: 115.8 MB.

Unloading 37 unused Assets to reduce memory usage. Loaded Objects now: 3014.
Total: 3.499400 ms (FindLiveObjects: 0.389200 ms CreateObjectMapping: 0.148900 ms MarkObjects: 1.850700 ms  DeleteObjects: 1.109500 ms)

========================================================================
Received Prepare
Registering precompiled user dll's ...
Registered in 0.000944 seconds.
Begin MonoManager ReloadAssembly
Native extension for LinuxStandalone target not found
Native extension for WindowsStandalone target not found
Native extension for OSXStandalone target not found
Native extension for WebGL target not found
Refreshing native plugins compatible for Editor in 0.36 ms, found 0 plugins.
Preloading 0 native plugins for Editor in 0.00 ms.
Invoked RoslynAnalysisRunner static constructor.
RoslynAnalysisRunner will not be running.
RoslynAnalysisRunner has terminated.
Mono: successfully reloaded assembly
- Completed reload, in  0.735 seconds
Platform modules already initialized, skipping
Shader 'Universal Render Pipeline/Particles/Lit': fallback shader 'Universal Render Pipeline/Particles/SimpleLit' not found
Shader 'Universal Render Pipeline/Particles/Lit': fallback shader 'Universal Render Pipeline/Particles/SimpleLit' not found
Refreshing native plugins compatible for Editor in 0.56 ms, found 0 plugins.
Preloading 0 native plugins for Editor in 0.00 ms.
Unloading 2332 Unused Serialized files (Serialized files now loaded: 0)
System memory in use before: 117.6 MB.
System memory in use after: 115.9 MB.

Unloading 37 unused Assets to reduce memory usage. Loaded Objects now: 3016.
Total: 3.565500 ms (FindLiveObjects: 0.416800 ms CreateObjectMapping: 0.174900 ms MarkObjects: 1.831300 ms  DeleteObjects: 1.141200 ms)

========================================================================
Received Import Request.
  Time since last request: 730.220453 seconds.
  path: Assets/Shaders/StandardBlockShader.shader
  artifactKey: Guid(ecbaffe95fe5fd14d9123cc41c96cfa6) Importer(815301076,1909f56bfc062723c751e8b465ee728b)
Start importing Assets/Shaders/StandardBlockShader.shader using Guid(ecbaffe95fe5fd14d9123cc41c96cfa6) Importer(815301076,1909f56bfc062723c751e8b465ee728b)  -> (artifact id: '42b139ef76e38a4ff007182b48bc69ec') in 0.012956 seconds
  Import took 0.021739 seconds .

========================================================================
Received Import Request.
  Time since last request: 0.001675 seconds.
  path: Assets/Shaders/StandardBlockShader.shader
  artifactKey: Guid(ecbaffe95fe5fd14d9123cc41c96cfa6) Importer(815301076,1909f56bfc062723c751e8b465ee728b)
Start importing Assets/Shaders/StandardBlockShader.shader using Guid(ecbaffe95fe5fd14d9123cc41c96cfa6) Importer(815301076,1909f56bfc062723c751e8b465ee728b)  -> (artifact id: '42b139ef76e38a4ff007182b48bc69ec') in 0.001965 seconds
  Import took 0.005988 seconds .

========================================================================
Received Import Request.
  Time since last request: 155.533278 seconds.
  path: Assets/Shaders/StandardBlockShader.shader
  artifactKey: Guid(ecbaffe95fe5fd14d9123cc41c96cfa6) Importer(815301076,1909f56bfc062723c751e8b465ee728b)
Start importing Assets/Shaders/StandardBlockShader.shader using Guid(ecbaffe95fe5fd14d9123cc41c96cfa6) Importer(815301076,1909f56bfc062723c751e8b465ee728b)  -> (artifact id: 'dd5a5e3803d1512c8a29707554f506ba') in 0.002201 seconds
  Import took 0.007667 seconds .

========================================================================
Received Prepare
Registering precompiled user dll's ...
Registered in 0.001273 seconds.
Begin MonoManager ReloadAssembly
Native extension for LinuxStandalone target not found
Native extension for WindowsStandalone target not found
Native extension for OSXStandalone target not found
Native extension for WebGL target not found
Refreshing native plugins compatible for Editor in 0.35 ms, found 0 plugins.
Preloading 0 native plugins for Editor in 0.00 ms.
Invoked RoslynAnalysisRunner static constructor.
RoslynAnalysisRunner will not be running.
RoslynAnalysisRunner has terminated.
Mono: successfully reloaded assembly
- Completed reload, in  0.809 seconds
Platform modules already initialized, skipping
Shader 'Universal Render Pipeline/Particles/Lit': fallback shader 'Universal Render Pipeline/Particles/SimpleLit' not found
Shader 'Universal Render Pipeline/Particles/Lit': fallback shader 'Universal Render Pipeline/Particles/SimpleLit' not found
Refreshing native plugins compatible for Editor in 0.35 ms, found 0 plugins.
Preloading 0 native plugins for Editor in 0.00 ms.
Unloading 2332 Unused Serialized files (Serialized files now loaded: 0)
System memory in use before: 117.6 MB.
System memory in use after: 115.9 MB.

Unloading 37 unused Assets to reduce memory usage. Loaded Objects now: 3018.
Total: 3.626300 ms (FindLiveObjects: 0.495100 ms CreateObjectMapping: 0.171500 ms MarkObjects: 1.756500 ms  DeleteObjects: 1.201900 ms)

========================================================================
Received Prepare
Registering precompiled user dll's ...
Registered in 0.001072 seconds.
Begin MonoManager ReloadAssembly
Native extension for LinuxStandalone target not found
Native extension for WindowsStandalone target not found
Native extension for OSXStandalone target not found
Native extension for WebGL target not found
Refreshing native plugins compatible for Editor in 0.35 ms, found 0 plugins.
Preloading 0 native plugins for Editor in 0.00 ms.
Invoked RoslynAnalysisRunner static constructor.
RoslynAnalysisRunner will not be running.
RoslynAnalysisRunner has terminated.
Mono: successfully reloaded assembly
- Completed reload, in  0.781 seconds
Platform modules already initialized, skipping
Shader 'Universal Render Pipeline/Particles/Lit': fallback shader 'Universal Render Pipeline/Particles/SimpleLit' not found
Shader 'Universal Render Pipeline/Particles/Lit': fallback shader 'Universal Render Pipeline/Particles/SimpleLit' not found
Refreshing native plugins compatible for Editor in 0.55 ms, found 0 plugins.
Preloading 0 native plugins for Editor in 0.00 ms.
Unloading 2332 Unused Serialized files (Serialized files now loaded: 0)
System memory in use before: 117.6 MB.
System memory in use after: 115.9 MB.

Unloading 37 unused Assets to reduce memory usage. Loaded Objects now: 3020.
Total: 3.207600 ms (FindLiveObjects: 0.255900 ms CreateObjectMapping: 0.119400 ms MarkObjects: 1.728500 ms  DeleteObjects: 1.102800 ms)

========================================================================
Received Prepare
Registering precompiled user dll's ...
Registered in 0.000904 seconds.
Begin MonoManager ReloadAssembly
Native extension for LinuxStandalone target not found
Native extension for WindowsStandalone target not found
Native extension for OSXStandalone target not found
Native extension for WebGL target not found
Refreshing native plugins compatible for Editor in 0.38 ms, found 0 plugins.
Preloading 0 native plugins for Editor in 0.00 ms.
Invoked RoslynAnalysisRunner static constructor.
RoslynAnalysisRunner will not be running.
RoslynAnalysisRunner has terminated.
Mono: successfully reloaded assembly
- Completed reload, in  0.769 seconds
Platform modules already initialized, skipping
Shader 'Universal Render Pipeline/Particles/Lit': fallback shader 'Universal Render Pipeline/Particles/SimpleLit' not found
Shader 'Universal Render Pipeline/Particles/Lit': fallback shader 'Universal Render Pipeline/Particles/SimpleLit' not found
Refreshing native plugins compatible for Editor in 0.58 ms, found 0 plugins.
Preloading 0 native plugins for Editor in 0.00 ms.
Unloading 2332 Unused Serialized files (Serialized files now loaded: 0)
System memory in use before: 117.6 MB.
System memory in use after: 115.9 MB.

Unloading 37 unused Assets to reduce memory usage. Loaded Objects now: 3022.
Total: 3.661100 ms (FindLiveObjects: 0.394800 ms CreateObjectMapping: 0.161000 ms MarkObjects: 1.931200 ms  DeleteObjects: 1.172600 ms)

========================================================================
Received Prepare
Registering precompiled user dll's ...
Registered in 0.000898 seconds.
Begin MonoManager ReloadAssembly
Native extension for LinuxStandalone target not found
Native extension for WindowsStandalone target not found
Native extension for OSXStandalone target not found
Native extension for WebGL target not found
Refreshing native plugins compatible for Editor in 0.35 ms, found 0 plugins.
Preloading 0 native plugins for Editor in 0.00 ms.
Invoked RoslynAnalysisRunner static constructor.
RoslynAnalysisRunner will not be running.
RoslynAnalysisRunner has terminated.
Mono: successfully reloaded assembly
- Completed reload, in  0.757 seconds
Platform modules already initialized, skipping
Shader 'Universal Render Pipeline/Particles/Lit': fallback shader 'Universal Render Pipeline/Particles/SimpleLit' not found
Shader 'Universal Render Pipeline/Particles/Lit': fallback shader 'Universal Render Pipeline/Particles/SimpleLit' not found
Refreshing native plugins compatible for Editor in 0.34 ms, found 0 plugins.
Preloading 0 native plugins for Editor in 0.00 ms.
Unloading 2332 Unused Serialized files (Serialized files now loaded: 0)
System memory in use before: 117.5 MB.
System memory in use after: 115.8 MB.

Unloading 37 unused Assets to reduce memory usage. Loaded Objects now: 3024.
Total: 3.936000 ms (FindLiveObjects: 0.537300 ms CreateObjectMapping: 0.189000 ms MarkObjects: 2.013000 ms  DeleteObjects: 1.194800 ms)

========================================================================
Received Prepare
Registering precompiled user dll's ...
Registered in 0.000887 seconds.
Begin MonoManager ReloadAssembly
Native extension for LinuxStandalone target not found
Native extension for WindowsStandalone target not found
Native extension for OSXStandalone target not found
Native extension for WebGL target not found
Refreshing native plugins compatible for Editor in 0.36 ms, found 0 plugins.
Preloading 0 native plugins for Editor in 0.00 ms.
Invoked RoslynAnalysisRunner static constructor.
RoslynAnalysisRunner will not be running.
RoslynAnalysisRunner has terminated.
Mono: successfully reloaded assembly
- Completed reload, in  0.759 seconds
Platform modules already initialized, skipping
Shader 'Universal Render Pipeline/Particles/Lit': fallback shader 'Universal Render Pipeline/Particles/SimpleLit' not found
Shader 'Universal Render Pipeline/Particles/Lit': fallback shader 'Universal Render Pipeline/Particles/SimpleLit' not found
Refreshing native plugins compatible for Editor in 0.39 ms, found 0 plugins.
Preloading 0 native plugins for Editor in 0.00 ms.
Unloading 2332 Unused Serialized files (Serialized files now loaded: 0)
System memory in use before: 117.6 MB.
System memory in use after: 115.9 MB.

Unloading 37 unused Assets to reduce memory usage. Loaded Objects now: 3026.
Total: 3.405700 ms (FindLiveObjects: 0.288400 ms CreateObjectMapping: 0.109900 ms MarkObjects: 1.922900 ms  DeleteObjects: 1.083100 ms)

========================================================================
Received Prepare
Registering precompiled user dll's ...
Registered in 0.001119 seconds.
Begin MonoManager ReloadAssembly
Native extension for LinuxStandalone target not found
Native extension for WindowsStandalone target not found
Native extension for OSXStandalone target not found
Native extension for WebGL target not found
Refreshing native plugins compatible for Editor in 0.36 ms, found 0 plugins.
Preloading 0 native plugins for Editor in 0.00 ms.
Invoked RoslynAnalysisRunner static constructor.
RoslynAnalysisRunner will not be running.
RoslynAnalysisRunner has terminated.
Mono: successfully reloaded assembly
- Completed reload, in  0.785 seconds
Platform modules already initialized, skipping
Shader 'Universal Render Pipeline/Particles/Lit': fallback shader 'Universal Render Pipeline/Particles/SimpleLit' not found
Shader 'Universal Render Pipeline/Particles/Lit': fallback shader 'Universal Render Pipeline/Particles/SimpleLit' not found
Refreshing native plugins compatible for Editor in 0.35 ms, found 0 plugins.
Preloading 0 native plugins for Editor in 0.00 ms.
Unloading 2332 Unused Serialized files (Serialized files now loaded: 0)
System memory in use before: 117.7 MB.
System memory in use after: 115.9 MB.

Unloading 37 unused Assets to reduce memory usage. Loaded Objects now: 3028.
Total: 3.441700 ms (FindLiveObjects: 0.280900 ms CreateObjectMapping: 0.141900 ms MarkObjects: 1.871000 ms  DeleteObjects: 1.146400 ms)

========================================================================
Received Prepare
Registering precompiled user dll's ...
Registered in 0.000910 seconds.
Begin MonoManager ReloadAssembly
Native extension for LinuxStandalone target not found
Native extension for WindowsStandalone target not found
Native extension for OSXStandalone target not found
Native extension for WebGL target not found
Refreshing native plugins compatible for Editor in 0.36 ms, found 0 plugins.
Preloading 0 native plugins for Editor in 0.00 ms.
Invoked RoslynAnalysisRunner static constructor.
RoslynAnalysisRunner will not be running.
RoslynAnalysisRunner has terminated.
Mono: successfully reloaded assembly
- Completed reload, in  0.754 seconds
Platform modules already initialized, skipping
Shader 'Universal Render Pipeline/Particles/Lit': fallback shader 'Universal Render Pipeline/Particles/SimpleLit' not found
Shader 'Universal Render Pipeline/Particles/Lit': fallback shader 'Universal Render Pipeline/Particles/SimpleLit' not found
Refreshing native plugins compatible for Editor in 0.34 ms, found 0 plugins.
Preloading 0 native plugins for Editor in 0.00 ms.
Unloading 2332 Unused Serialized files (Serialized files now loaded: 0)
System memory in use before: 117.6 MB.
System memory in use after: 115.9 MB.

Unloading 37 unused Assets to reduce memory usage. Loaded Objects now: 3030.
Total: 3.452800 ms (FindLiveObjects: 0.294400 ms CreateObjectMapping: 0.136100 ms MarkObjects: 1.922100 ms  DeleteObjects: 1.099100 ms)

========================================================================
Received Prepare
Registering precompiled user dll's ...
Registered in 0.000934 seconds.
Begin MonoManager ReloadAssembly
Native extension for LinuxStandalone target not found
Native extension for WindowsStandalone target not found
Native extension for OSXStandalone target not found
Native extension for WebGL target not found
Refreshing native plugins compatible for Editor in 0.35 ms, found 0 plugins.
Preloading 0 native plugins for Editor in 0.00 ms.
Invoked RoslynAnalysisRunner static constructor.
RoslynAnalysisRunner will not be running.
RoslynAnalysisRunner has terminated.
Mono: successfully reloaded assembly
- Completed reload, in  0.752 seconds
Platform modules already initialized, skipping
Shader 'Universal Render Pipeline/Particles/Lit': fallback shader 'Universal Render Pipeline/Particles/SimpleLit' not found
Shader 'Universal Render Pipeline/Particles/Lit': fallback shader 'Universal Render Pipeline/Particles/SimpleLit' not found
Refreshing native plugins compatible for Editor in 0.35 ms, found 0 plugins.
Preloading 0 native plugins for Editor in 0.00 ms.
Unloading 2332 Unused Serialized files (Serialized files now loaded: 0)
System memory in use before: 117.6 MB.
System memory in use after: 115.9 MB.

Unloading 37 unused Assets to reduce memory usage. Loaded Objects now: 3032.
Total: 3.546200 ms (FindLiveObjects: 0.363700 ms CreateObjectMapping: 0.152700 ms MarkObjects: 1.905200 ms  DeleteObjects: 1.123300 ms)

========================================================================
Received Prepare
Registering precompiled user dll's ...
Registered in 0.000919 seconds.
Begin MonoManager ReloadAssembly
Native extension for LinuxStandalone target not found
Native extension for WindowsStandalone target not found
Native extension for OSXStandalone target not found
Native extension for WebGL target not found
Refreshing native plugins compatible for Editor in 0.50 ms, found 0 plugins.
Preloading 0 native plugins for Editor in 0.00 ms.
Invoked RoslynAnalysisRunner static constructor.
RoslynAnalysisRunner will not be running.
RoslynAnalysisRunner has terminated.
Mono: successfully reloaded assembly
- Completed reload, in  0.747 seconds
Platform modules already initialized, skipping
Shader 'Universal Render Pipeline/Particles/Lit': fallback shader 'Universal Render Pipeline/Particles/SimpleLit' not found
Shader 'Universal Render Pipeline/Particles/Lit': fallback shader 'Universal Render Pipeline/Particles/SimpleLit' not found
Refreshing native plugins compatible for Editor in 0.35 ms, found 0 plugins.
Preloading 0 native plugins for Editor in 0.00 ms.
Unloading 2332 Unused Serialized files (Serialized files now loaded: 0)
System memory in use before: 117.6 MB.
System memory in use after: 115.8 MB.

Unloading 37 unused Assets to reduce memory usage. Loaded Objects now: 3034.
Total: 3.175000 ms (FindLiveObjects: 0.270800 ms CreateObjectMapping: 0.121900 ms MarkObjects: 1.660800 ms  DeleteObjects: 1.120800 ms)

========================================================================
Received Prepare
Registering precompiled user dll's ...
Registered in 0.000945 seconds.
Begin MonoManager ReloadAssembly
Native extension for LinuxStandalone target not found
Native extension for WindowsStandalone target not found
Native extension for OSXStandalone target not found
Native extension for WebGL target not found
Refreshing native plugins compatible for Editor in 0.35 ms, found 0 plugins.
Preloading 0 native plugins for Editor in 0.00 ms.
Invoked RoslynAnalysisRunner static constructor.
RoslynAnalysisRunner will not be running.
RoslynAnalysisRunner has terminated.
Mono: successfully reloaded assembly
- Completed reload, in  0.767 seconds
Platform modules already initialized, skipping
Shader 'Universal Render Pipeline/Particles/Lit': fallback shader 'Universal Render Pipeline/Particles/SimpleLit' not found
Shader 'Universal Render Pipeline/Particles/Lit': fallback shader 'Universal Render Pipeline/Particles/SimpleLit' not found
Refreshing native plugins compatible for Editor in 0.39 ms, found 0 plugins.
Preloading 0 native plugins for Editor in 0.00 ms.
Unloading 2332 Unused Serialized files (Serialized files now loaded: 0)
System memory in use before: 117.7 MB.
System memory in use after: 115.9 MB.

Unloading 37 unused Assets to reduce memory usage. Loaded Objects now: 3036.
Total: 3.940800 ms (FindLiveObjects: 0.387400 ms CreateObjectMapping: 0.160300 ms MarkObjects: 2.185100 ms  DeleteObjects: 1.206700 ms)

========================================================================
Received Prepare
Registering precompiled user dll's ...
Registered in 0.000887 seconds.
Begin MonoManager ReloadAssembly
Native extension for LinuxStandalone target not found
Native extension for WindowsStandalone target not found
Native extension for OSXStandalone target not found
Native extension for WebGL target not found
Refreshing native plugins compatible for Editor in 0.35 ms, found 0 plugins.
Preloading 0 native plugins for Editor in 0.00 ms.
Invoked RoslynAnalysisRunner static constructor.
RoslynAnalysisRunner will not be running.
RoslynAnalysisRunner has terminated.
Mono: successfully reloaded assembly
- Completed reload, in  0.760 seconds
Platform modules already initialized, skipping
Shader 'Universal Render Pipeline/Particles/Lit': fallback shader 'Universal Render Pipeline/Particles/SimpleLit' not found
Shader 'Universal Render Pipeline/Particles/Lit': fallback shader 'Universal Render Pipeline/Particles/SimpleLit' not found
Refreshing native plugins compatible for Editor in 0.34 ms, found 0 plugins.
Preloading 0 native plugins for Editor in 0.00 ms.
Unloading 2329 Unused Serialized files (Serialized files now loaded: 0)
System memory in use before: 117.6 MB.
System memory in use after: 115.8 MB.

Unloading 39 unused Assets to reduce memory usage. Loaded Objects now: 3036.
Total: 3.536400 ms (FindLiveObjects: 0.291200 ms CreateObjectMapping: 0.124800 ms MarkObjects: 1.998900 ms  DeleteObjects: 1.120200 ms)

========================================================================
Received Prepare
Registering precompiled user dll's ...
Registered in 0.000902 seconds.
Begin MonoManager ReloadAssembly
Native extension for LinuxStandalone target not found
Native extension for WindowsStandalone target not found
Native extension for OSXStandalone target not found
Native extension for WebGL target not found
Refreshing native plugins compatible for Editor in 0.39 ms, found 0 plugins.
Preloading 0 native plugins for Editor in 0.00 ms.
Invoked RoslynAnalysisRunner static constructor.
RoslynAnalysisRunner will not be running.
RoslynAnalysisRunner has terminated.
Mono: successfully reloaded assembly
- Completed reload, in  0.767 seconds
Platform modules already initialized, skipping
Shader 'Universal Render Pipeline/Particles/Lit': fallback shader 'Universal Render Pipeline/Particles/SimpleLit' not found
Shader 'Universal Render Pipeline/Particles/Lit': fallback shader 'Universal Render Pipeline/Particles/SimpleLit' not found
Refreshing native plugins compatible for Editor in 0.62 ms, found 0 plugins.
Preloading 0 native plugins for Editor in 0.00 ms.
Unloading 2329 Unused Serialized files (Serialized files now loaded: 0)
System memory in use before: 117.6 MB.
System memory in use after: 115.9 MB.

Unloading 37 unused Assets to reduce memory usage. Loaded Objects now: 3038.
Total: 3.615800 ms (FindLiveObjects: 0.364700 ms CreateObjectMapping: 0.188400 ms MarkObjects: 1.862500 ms  DeleteObjects: 1.198000 ms)

========================================================================
Received Prepare
Registering precompiled user dll's ...
Registered in 0.000988 seconds.
Begin MonoManager ReloadAssembly
Native extension for LinuxStandalone target not found
Native extension for WindowsStandalone target not found
Native extension for OSXStandalone target not found
Native extension for WebGL target not found
Refreshing native plugins compatible for Editor in 0.35 ms, found 0 plugins.
Preloading 0 native plugins for Editor in 0.00 ms.
Invoked RoslynAnalysisRunner static constructor.
RoslynAnalysisRunner will not be running.
RoslynAnalysisRunner has terminated.
Mono: successfully reloaded assembly
- Completed reload, in  0.772 seconds
Platform modules already initialized, skipping
Shader 'Universal Render Pipeline/Particles/Lit': fallback shader 'Universal Render Pipeline/Particles/SimpleLit' not found
Shader 'Universal Render Pipeline/Particles/Lit': fallback shader 'Universal Render Pipeline/Particles/SimpleLit' not found
Refreshing native plugins compatible for Editor in 0.39 ms, found 0 plugins.
Preloading 0 native plugins for Editor in 0.00 ms.
Unloading 2329 Unused Serialized files (Serialized files now loaded: 0)
System memory in use before: 117.6 MB.
System memory in use after: 115.9 MB.

Unloading 37 unused Assets to reduce memory usage. Loaded Objects now: 3040.
Total: 3.364900 ms (FindLiveObjects: 0.387600 ms CreateObjectMapping: 0.170300 ms MarkObjects: 1.677200 ms  DeleteObjects: 1.128500 ms)

========================================================================
Received Import Request.
  Time since last request: 1150.511873 seconds.
  path: Assets/GroundAtlas.png
  artifactKey: Guid(8820b7ae655e36c47adfd9d504fc2dcb) Importer(815301076,1909f56bfc062723c751e8b465ee728b)
Start importing Assets/GroundAtlas.png using Guid(8820b7ae655e36c47adfd9d504fc2dcb) Importer(815301076,1909f56bfc062723c751e8b465ee728b)  -> (artifact id: '81dcf87897e114ab8b2a8391e91f0440') in 0.035739 seconds
  Import took 0.039705 seconds .

========================================================================
Received Prepare
Registering precompiled user dll's ...
Registered in 0.000915 seconds.
Begin MonoManager ReloadAssembly
Native extension for LinuxStandalone target not found
Native extension for WindowsStandalone target not found
Native extension for OSXStandalone target not found
Native extension for WebGL target not found
Refreshing native plugins compatible for Editor in 0.36 ms, found 0 plugins.
Preloading 0 native plugins for Editor in 0.00 ms.
Invoked RoslynAnalysisRunner static constructor.
RoslynAnalysisRunner will not be running.
RoslynAnalysisRunner has terminated.
Mono: successfully reloaded assembly
- Completed reload, in  0.777 seconds
Platform modules already initialized, skipping
Shader 'Universal Render Pipeline/Particles/Lit': fallback shader 'Universal Render Pipeline/Particles/SimpleLit' not found
Shader 'Universal Render Pipeline/Particles/Lit': fallback shader 'Universal Render Pipeline/Particles/SimpleLit' not found
Refreshing native plugins compatible for Editor in 0.35 ms, found 0 plugins.
Preloading 0 native plugins for Editor in 0.00 ms.
Unloading 2329 Unused Serialized files (Serialized files now loaded: 0)
System memory in use before: 117.5 MB.
System memory in use after: 115.8 MB.

Unloading 37 unused Assets to reduce memory usage. Loaded Objects now: 3042.
Total: 3.190500 ms (FindLiveObjects: 0.405100 ms CreateObjectMapping: 0.126100 ms MarkObjects: 1.579000 ms  DeleteObjects: 1.079300 ms)

========================================================================
Received Prepare
Registering precompiled user dll's ...
Registered in 0.000936 seconds.
Begin MonoManager ReloadAssembly
Native extension for LinuxStandalone target not found
Native extension for WindowsStandalone target not found
Native extension for OSXStandalone target not found
Native extension for WebGL target not found
Refreshing native plugins compatible for Editor in 0.35 ms, found 0 plugins.
Preloading 0 native plugins for Editor in 0.00 ms.
Invoked RoslynAnalysisRunner static constructor.
RoslynAnalysisRunner will not be running.
RoslynAnalysisRunner has terminated.
Mono: successfully reloaded assembly
- Completed reload, in  0.886 seconds
Platform modules already initialized, skipping
Shader 'Universal Render Pipeline/Particles/Lit': fallback shader 'Universal Render Pipeline/Particles/SimpleLit' not found
Shader 'Universal Render Pipeline/Particles/Lit': fallback shader 'Universal Render Pipeline/Particles/SimpleLit' not found
Refreshing native plugins compatible for Editor in 0.35 ms, found 0 plugins.
Preloading 0 native plugins for Editor in 0.00 ms.
Unloading 2329 Unused Serialized files (Serialized files now loaded: 0)
System memory in use before: 117.6 MB.
System memory in use after: 115.9 MB.

Unloading 37 unused Assets to reduce memory usage. Loaded Objects now: 3044.
Total: 3.554100 ms (FindLiveObjects: 0.420400 ms CreateObjectMapping: 0.135700 ms MarkObjects: 1.842300 ms  DeleteObjects: 1.154100 ms)

AssetImportWorkerClient::OnTransportError - code=2 error=End of file
